OpenCL Auto Migration Report

To disable auto migration compile with flag: --no-auto-migrate

Alternatively, you can enable/disable individual fixes
by adding them to the include/exclude field in board_spec.xml.

----------- Platform ---------
| Board de5net_a7 with auto migration type auto and 
| board_spec version 0.9 has the following properties:
|   family = STRATIX V
|   flow = qxp
|   host = PCIe
|   name = cvpqxp_13.x
|   pgm = CvP
|   version = 0.9
------------------------------

----------- Fixes To Apply ---------
| pciemaximum
| cvpenable
------------------------------------

-------- PCIe Maximum RX Credit Allocation (name: pciemaximum) ----------
Inconsistency detected by ld.so: dl-close.c: 811: _dl_close: Assertion `map->l_init_called' failed!
Info: *******************************************************************
Info: Running Quartus Prime Shell
    Info: Version 16.1.2 Build 203 01/18/2017 SJ Standard Edition
    Info: Copyright (C) 2017  Intel Corporation. All rights reserved.
    Info: Your use of Intel Corporation's design tools, logic functions 
    Info: and other software and tools, and its AMPP partner logic 
    Info: functions, and any output files from any of the foregoing 
    Info: (including device programming or simulation files), and any 
    Info: associated documentation or information are expressly subject 
    Info: to the terms and conditions of the Intel Program License 
    Info: Subscription Agreement, the Intel Quartus Prime License Agreement,
    Info: the Intel MegaCore Function License Agreement, or other 
    Info: applicable license agreement, including, without limitation, 
    Info: that your use is for the sole purpose of programming logic 
    Info: devices manufactured by Intel and sold by Intel or its 
    Info: authorized distributors.  Please refer to the applicable 
    Info: agreement for further details.
    Info: Processing started: Tue Jun 27 13:53:33 2017
Info: Command: quartus_sh -t /opt/intelFPGA/16.1/hld/ip/board/migrate/pciemaximum/pciemaximum.tcl
Info: Using INI file /home/zach/project/inc/caffe-fpga-opencl-v2/kernels/net/bin/net/quartus.ini
Info: Auto migration processing the following files: acl_iface_system.qsys system.qsys iface/acl_kernel_interface.qsys iface/acl_dma.qsys iface/acl_dma_core.qsys iface/acl_kernel_clk.qsys
Info: Attempting to apply fix to acl_iface_system.qsys
Info: Attempting to apply fix to system.qsys
Info: Attempting to apply fix to iface/acl_kernel_interface.qsys
Info: Attempting to apply fix to iface/acl_dma.qsys
Info: Attempting to apply fix to iface/acl_dma_core.qsys
Info: Attempting to apply fix to iface/acl_kernel_clk.qsys
Info (23030): Evaluation of Tcl script /opt/intelFPGA/16.1/hld/ip/board/migrate/pciemaximum/pciemaximum.tcl was successful
Info: Quartus Prime Shell was successful. 0 errors, 0 warnings
    Info: Peak virtual memory: 762 megabytes
    Info: Processing ended: Tue Jun 27 13:53:33 2017
    Info: Elapsed time: 00:00:00
    Info: Total CPU time (on all processors): 00:00:00
Successfully Implemented
------------------------------

-------- CvP Enable (name: cvpenable) ----------
Inconsistency detected by ld.so: dl-close.c: 811: _dl_close: Assertion `map->l_init_called' failed!
Info: *******************************************************************
Info: Running Quartus Prime Shell
    Info: Version 16.1.2 Build 203 01/18/2017 SJ Standard Edition
    Info: Copyright (C) 2017  Intel Corporation. All rights reserved.
    Info: Your use of Intel Corporation's design tools, logic functions 
    Info: and other software and tools, and its AMPP partner logic 
    Info: functions, and any output files from any of the foregoing 
    Info: (including device programming or simulation files), and any 
    Info: associated documentation or information are expressly subject 
    Info: to the terms and conditions of the Intel Program License 
    Info: Subscription Agreement, the Intel Quartus Prime License Agreement,
    Info: the Intel MegaCore Function License Agreement, or other 
    Info: applicable license agreement, including, without limitation, 
    Info: that your use is for the sole purpose of programming logic 
    Info: devices manufactured by Intel and sold by Intel or its 
    Info: authorized distributors.  Please refer to the applicable 
    Info: agreement for further details.
    Info: Processing started: Tue Jun 27 13:53:34 2017
Info: Command: quartus_sh -t /opt/intelFPGA/16.1/hld/ip/board/migrate/cvpenable/cvpenable.tcl
Info: Using INI file /home/zach/project/inc/caffe-fpga-opencl-v2/kernels/net/bin/net/quartus.ini
Info: Auto migration processing the following files: acl_iface_system.qsys system.qsys iface/acl_kernel_interface.qsys iface/acl_dma.qsys iface/acl_dma_core.qsys iface/acl_kernel_clk.qsys
Info: Attempting to apply fix to acl_iface_system.qsys
Info: Attempting to apply fix to system.qsys
Info: Attempting to apply fix to iface/acl_kernel_interface.qsys
Info: Attempting to apply fix to iface/acl_dma.qsys
Info: Attempting to apply fix to iface/acl_dma_core.qsys
Info: Attempting to apply fix to iface/acl_kernel_clk.qsys
Info (23030): Evaluation of Tcl script /opt/intelFPGA/16.1/hld/ip/board/migrate/cvpenable/cvpenable.tcl was successful
Info: Quartus Prime Shell was successful. 0 errors, 0 warnings
    Info: Peak virtual memory: 762 megabytes
    Info: Processing ended: Tue Jun 27 13:53:34 2017
    Info: Elapsed time: 00:00:00
    Info: Total CPU time (on all processors): 00:00:00
Successfully Implemented
------------------------------

