Compiler Command: aoc net.cl -o bin/net.aocx --board de5net_a7 --report -v
/home/zach/project/inc/caffe-fpga-opencl-v2/kernels/net/net.cl:408:41: warning: declaring kernel argument with no 'restrict' may lead to low kernel performance
__kernel void dataLayer(__global dType *inputFeatureMap,
                                        ^
/home/zach/project/inc/caffe-fpga-opencl-v2/kernels/net/net.cl:409:41: warning: declaring kernel argument with no 'restrict' may lead to low kernel performance
                        __global dType *outputFeatureMap,
                                        ^
/home/zach/project/inc/caffe-fpga-opencl-v2/kernels/net/net.cl:410:44: warning: declaring kernel argument with no 'restrict' may lead to low kernel performance
                        __global NetParam *param, __global BOOL *phase) {
                                           ^
/home/zach/project/inc/caffe-fpga-opencl-v2/kernels/net/net.cl:410:66: warning: declaring kernel argument with no 'restrict' may lead to low kernel performance
                        __global NetParam *param, __global BOOL *phase) {
                                                                 ^
/home/zach/project/inc/caffe-fpga-opencl-v2/kernels/net/net.cl:426:44: warning: declaring kernel argument with no 'restrict' may lead to low kernel performance
__kernel void paddingLayer(__global dType *inputFeatureMap,
                                           ^
/home/zach/project/inc/caffe-fpga-opencl-v2/kernels/net/net.cl:427:44: warning: declaring kernel argument with no 'restrict' may lead to low kernel performance
                           __global dType *outputFeatureMap,
                                           ^
/home/zach/project/inc/caffe-fpga-opencl-v2/kernels/net/net.cl:428:47: warning: declaring kernel argument with no 'restrict' may lead to low kernel performance
                           __global NetParam *param, __global BOOL *phase) {
                                              ^
/home/zach/project/inc/caffe-fpga-opencl-v2/kernels/net/net.cl:428:69: warning: declaring kernel argument with no 'restrict' may lead to low kernel performance
                           __global NetParam *param, __global BOOL *phase) {
                                                                    ^
/home/zach/project/inc/caffe-fpga-opencl-v2/kernels/net/net.cl:446:44: warning: declaring kernel argument with no 'restrict' may lead to low kernel performance
__kernel void poolingLayer(__global dType *inputFeatureMap,
                                           ^
/home/zach/project/inc/caffe-fpga-opencl-v2/kernels/net/net.cl:447:44: warning: declaring kernel argument with no 'restrict' may lead to low kernel performance
                           __global dType *outputFeatureMap,
                                           ^
/home/zach/project/inc/caffe-fpga-opencl-v2/kernels/net/net.cl:448:47: warning: declaring kernel argument with no 'restrict' may lead to low kernel performance
                           __global NetParam *param, __global BOOL *phase) {
                                              ^
/home/zach/project/inc/caffe-fpga-opencl-v2/kernels/net/net.cl:448:69: warning: declaring kernel argument with no 'restrict' may lead to low kernel performance
                           __global NetParam *param, __global BOOL *phase) {
                                                                    ^
/home/zach/project/inc/caffe-fpga-opencl-v2/kernels/net/net.cl:476:41: warning: declaring kernel argument with no 'restrict' may lead to low kernel performance
__kernel void reluLayer(__global dType *inputFeatureMap,
                                        ^
/home/zach/project/inc/caffe-fpga-opencl-v2/kernels/net/net.cl:477:41: warning: declaring kernel argument with no 'restrict' may lead to low kernel performance
                        __global dType *outputFeatureMap,
                                        ^
/home/zach/project/inc/caffe-fpga-opencl-v2/kernels/net/net.cl:478:44: warning: declaring kernel argument with no 'restrict' may lead to low kernel performance
                        __global NetParam *param, __global BOOL *phase) {
                                           ^
/home/zach/project/inc/caffe-fpga-opencl-v2/kernels/net/net.cl:478:66: warning: declaring kernel argument with no 'restrict' may lead to low kernel performance
                        __global NetParam *param, __global BOOL *phase) {
                                                                 ^
/home/zach/project/inc/caffe-fpga-opencl-v2/kernels/net/net.cl:496:41: warning: declaring kernel argument with no 'restrict' may lead to low kernel performance
__kernel void convLayer(__global dType *inputFeatureMap,
                                        ^
/home/zach/project/inc/caffe-fpga-opencl-v2/kernels/net/net.cl:497:41: warning: declaring kernel argument with no 'restrict' may lead to low kernel performance
                        __global dType *outputFeatureMap,
                                        ^
/home/zach/project/inc/caffe-fpga-opencl-v2/kernels/net/net.cl:498:41: warning: declaring kernel argument with no 'restrict' may lead to low kernel performance
                        __global dType *weight, __global dType *bias,
                                        ^
/home/zach/project/inc/caffe-fpga-opencl-v2/kernels/net/net.cl:498:65: warning: declaring kernel argument with no 'restrict' may lead to low kernel performance
                        __global dType *weight, __global dType *bias,
                                                                ^
/home/zach/project/inc/caffe-fpga-opencl-v2/kernels/net/net.cl:499:50: warning: declaring kernel argument with no 'restrict' may lead to low kernel performance
                        __global const NetParam *param, __global BOOL *phase) {
                                                 ^
/home/zach/project/inc/caffe-fpga-opencl-v2/kernels/net/net.cl:499:72: warning: declaring kernel argument with no 'restrict' may lead to low kernel performance
                        __global const NetParam *param, __global BOOL *phase) {
                                                                       ^
/home/zach/project/inc/caffe-fpga-opencl-v2/kernels/net/net.cl:533:43: warning: declaring kernel argument with no 'restrict' may lead to low kernel performance
__kernel void outputLayer(__global dType *inputFeatureMap,
                                          ^
/home/zach/project/inc/caffe-fpga-opencl-v2/kernels/net/net.cl:534:43: warning: declaring kernel argument with no 'restrict' may lead to low kernel performance
                          __global dType *outputFeatureMap,
                                          ^
/home/zach/project/inc/caffe-fpga-opencl-v2/kernels/net/net.cl:535:46: warning: declaring kernel argument with no 'restrict' may lead to low kernel performance
                          __global NetParam *param, __global BOOL *phase) {
                                             ^
/home/zach/project/inc/caffe-fpga-opencl-v2/kernels/net/net.cl:535:68: warning: declaring kernel argument with no 'restrict' may lead to low kernel performance
                          __global NetParam *param, __global BOOL *phase) {
                                                                   ^
26 warnings generated.
Warning: Kernel 'dataLayer' has unused argument 'phase'
Warning: Kernel 'paddingLayer' has unused argument 'phase'
Warning: Kernel 'poolingLayer' has unused argument 'phase'
Warning: Kernel 'reluLayer' has unused argument 'phase'
Warning: Kernel 'convLayer' has unused argument 'phase'
Warning: Kernel 'outputLayer' has unused argument 'phase'
=========================================================================================================
                                   *** Optimization Report ***                                        

Kernels that do not use any work-item built-in functions, such as get_global_id(), are compiled for single
work-item execution (a task). Otherwise, a kernel is compiled as an ND-Range.

For tasks, the compiler will attempt to pipeline every loop in the kernel to allow multiple iterations of
the loop to execute concurrently. If some loops are not pipelined, or not pipelined well, you may not get
good performance.

For ND-Range kernels, the loops are not pipelined. Instead, they are built to accept multiple work-items
simultaneously. Kernel throughput is usually reduced by the largest total number of iterations of nested
loops. A large number of threads is usually required to efficiently utilize ND-Range kernels.

=========================================================================================================
Kernel: dataLayer                                                                                        
=========================================================================================================
The kernel is compiled as an ND-Range.

Loop Report:

 + Loop "Block2" (file net.cl line 412)
   
   
=========================================================================================================
Kernel: paddingLayer                                                                                     
=========================================================================================================
The kernel is compiled as an ND-Range.

Loop Report:

 + Loop "Block6" (file net.cl line 430)
 | 
 | 
 |-+ Loop "Block7" (file net.cl line 430)
   | 
   | 
   |-+ Loop "Block8" (file net.cl line 430)
       
       
=========================================================================================================
Kernel: poolingLayer                                                                                     
=========================================================================================================
The kernel is compiled as an ND-Range.

Loop Report:

 + Loop "Block14" (file net.cl line 451)
 | 
 | 
 |-+ Loop "Block15" (file net.cl line 451)
   | 
   | 
   |-+ Loop "Block16" (file net.cl line 451)
     | 
     | 
     |-+ Loop "Block17" (file net.cl line 455)
         
         
=========================================================================================================
Kernel: reluLayer                                                                                        
=========================================================================================================
The kernel is compiled as an ND-Range.

Loop Report:

 + Loop "Block24" (file net.cl line 480)
   
   
=========================================================================================================
Kernel: convLayer                                                                                        
=========================================================================================================
The kernel is compiled as an ND-Range.

Loop Report:

 + Loop "Block28" (file net.cl line 504)
 | 
 | 
 |-+ Loop "Block29" (file net.cl line 504)
   | 
   | 
   |-+ Loop "Block30" (file net.cl line 504)
     | 
     | 
     |-+ Loop "Block31" (file net.cl line 506)
         
         
=========================================================================================================
Kernel: outputLayer                                                                                      
=========================================================================================================
The kernel is compiled as an ND-Range.

Loop Report:

 + Loop "Block38" (file net.cl line 537)
   
   
=========================================================================================================

+--------------------------------------------------------------------+
; Estimated Resource Usage Summary                                   ;
+----------------------------------------+---------------------------+
; Resource                               + Usage                     ;
+----------------------------------------+---------------------------+
; Logic utilization                      ;   46%                     ;
; ALUTs                                  ;   24%                     ;
; Dedicated logic registers              ;   24%                     ;
; Memory blocks                          ;   34%                     ;
; DSP blocks                             ;   28%                     ;
+----------------------------------------+---------------------------;
System name: net

2017.06.27.13:53:35 Info: Doing: <b>qsys-script --quartus-project=top --script=system.tcl --Xmx512M --XX:+UseSerialGC --system-file=system.qsys</b>
2017.06.27.13:53:58 Info: set_validation_property AUTOMATIC_VALIDATION false
2017.06.27.13:53:58 Info: add_instance net_system net_system 
2017.06.27.13:53:58 Info: add_connection acl_iface.kernel_clk net_system.clock_reset
2017.06.27.13:53:58 Info: add_connection acl_iface.kernel_clk2x net_system.clock_reset2x
2017.06.27.13:53:58 Info: add_connection acl_iface.kernel_reset net_system.clock_reset_reset
2017.06.27.13:53:58 Info: add_connection net_system.avm_memgmem0_port_0_0_rw acl_iface.kernel_mem0
2017.06.27.13:53:58 Info: add_connection net_system.avm_memgmem0_port_1_0_rw acl_iface.kernel_mem1
2017.06.27.13:53:58 Info: add_connection acl_iface.kernel_irq net_system.kernel_irq
2017.06.27.13:53:58 Info: add_instance cra_root cra_ring_root 
2017.06.27.13:53:59 Info: set_instance_parameter_value cra_root DATA_W 64
2017.06.27.13:53:59 Info: set_instance_parameter_value cra_root ADDR_W 5
2017.06.27.13:53:59 Info: set_instance_parameter_value cra_root ID_W 3
2017.06.27.13:53:59 Info: add_connection acl_iface.kernel_clk cra_root.clock
2017.06.27.13:53:59 Info: add_connection acl_iface.kernel_reset cra_root.reset
2017.06.27.13:53:59 Info: add_connection acl_iface.kernel_cra cra_root.cra_slave
2017.06.27.13:53:59 Info: set_connection_parameter_value acl_iface.kernel_cra/cra_root.cra_slave baseAddress 0x0
2017.06.27.13:53:59 Info: add_instance avs_convLayer_cra_cra_ring cra_ring_node 
2017.06.27.13:53:59 Info: set_instance_parameter_value avs_convLayer_cra_cra_ring DATA_W 64
2017.06.27.13:53:59 Info: set_instance_parameter_value avs_convLayer_cra_cra_ring RING_ADDR_W 5
2017.06.27.13:53:59 Info: set_instance_parameter_value avs_convLayer_cra_cra_ring CRA_ADDR_W 5
2017.06.27.13:53:59 Info: set_instance_parameter_value avs_convLayer_cra_cra_ring ID_W 3
2017.06.27.13:53:59 Info: set_instance_parameter_value avs_convLayer_cra_cra_ring ID 0
2017.06.27.13:53:59 Info: add_connection acl_iface.kernel_clk avs_convLayer_cra_cra_ring.clock
2017.06.27.13:53:59 Info: add_connection acl_iface.kernel_reset avs_convLayer_cra_cra_ring.reset
2017.06.27.13:53:59 Info: add_connection cra_root.ring_out avs_convLayer_cra_cra_ring.ring_in
2017.06.27.13:53:59 Info: add_connection avs_convLayer_cra_cra_ring.cra_master net_system.avs_convLayer_cra
2017.06.27.13:53:59 Info: set_connection_parameter_value avs_convLayer_cra_cra_ring.cra_master/net_system.avs_convLayer_cra baseAddress 0x0
2017.06.27.13:53:59 Info: add_instance avs_dataLayer_cra_cra_ring cra_ring_node 
2017.06.27.13:53:59 Info: set_instance_parameter_value avs_dataLayer_cra_cra_ring DATA_W 64
2017.06.27.13:53:59 Info: set_instance_parameter_value avs_dataLayer_cra_cra_ring RING_ADDR_W 5
2017.06.27.13:53:59 Info: set_instance_parameter_value avs_dataLayer_cra_cra_ring CRA_ADDR_W 5
2017.06.27.13:53:59 Info: set_instance_parameter_value avs_dataLayer_cra_cra_ring ID_W 3
2017.06.27.13:53:59 Info: set_instance_parameter_value avs_dataLayer_cra_cra_ring ID 1
2017.06.27.13:53:59 Info: add_connection acl_iface.kernel_clk avs_dataLayer_cra_cra_ring.clock
2017.06.27.13:53:59 Info: add_connection acl_iface.kernel_reset avs_dataLayer_cra_cra_ring.reset
2017.06.27.13:53:59 Info: add_connection avs_convLayer_cra_cra_ring.ring_out avs_dataLayer_cra_cra_ring.ring_in
2017.06.27.13:53:59 Info: add_connection avs_dataLayer_cra_cra_ring.cra_master net_system.avs_dataLayer_cra
2017.06.27.13:53:59 Info: set_connection_parameter_value avs_dataLayer_cra_cra_ring.cra_master/net_system.avs_dataLayer_cra baseAddress 0x0
2017.06.27.13:53:59 Info: add_instance avs_outputLayer_cra_cra_ring cra_ring_node 
2017.06.27.13:53:59 Info: set_instance_parameter_value avs_outputLayer_cra_cra_ring DATA_W 64
2017.06.27.13:53:59 Info: set_instance_parameter_value avs_outputLayer_cra_cra_ring RING_ADDR_W 5
2017.06.27.13:53:59 Info: set_instance_parameter_value avs_outputLayer_cra_cra_ring CRA_ADDR_W 5
2017.06.27.13:53:59 Info: set_instance_parameter_value avs_outputLayer_cra_cra_ring ID_W 3
2017.06.27.13:53:59 Info: set_instance_parameter_value avs_outputLayer_cra_cra_ring ID 2
2017.06.27.13:53:59 Info: add_connection acl_iface.kernel_clk avs_outputLayer_cra_cra_ring.clock
2017.06.27.13:53:59 Info: add_connection acl_iface.kernel_reset avs_outputLayer_cra_cra_ring.reset
2017.06.27.13:53:59 Info: add_connection avs_dataLayer_cra_cra_ring.ring_out avs_outputLayer_cra_cra_ring.ring_in
2017.06.27.13:53:59 Info: add_connection avs_outputLayer_cra_cra_ring.cra_master net_system.avs_outputLayer_cra
2017.06.27.13:53:59 Info: set_connection_parameter_value avs_outputLayer_cra_cra_ring.cra_master/net_system.avs_outputLayer_cra baseAddress 0x0
2017.06.27.13:53:59 Info: add_instance avs_paddingLayer_cra_cra_ring cra_ring_node 
2017.06.27.13:53:59 Info: set_instance_parameter_value avs_paddingLayer_cra_cra_ring DATA_W 64
2017.06.27.13:53:59 Info: set_instance_parameter_value avs_paddingLayer_cra_cra_ring RING_ADDR_W 5
2017.06.27.13:53:59 Info: set_instance_parameter_value avs_paddingLayer_cra_cra_ring CRA_ADDR_W 5
2017.06.27.13:53:59 Info: set_instance_parameter_value avs_paddingLayer_cra_cra_ring ID_W 3
2017.06.27.13:53:59 Info: set_instance_parameter_value avs_paddingLayer_cra_cra_ring ID 3
2017.06.27.13:53:59 Info: add_connection acl_iface.kernel_clk avs_paddingLayer_cra_cra_ring.clock
2017.06.27.13:53:59 Info: add_connection acl_iface.kernel_reset avs_paddingLayer_cra_cra_ring.reset
2017.06.27.13:53:59 Info: add_connection avs_outputLayer_cra_cra_ring.ring_out avs_paddingLayer_cra_cra_ring.ring_in
2017.06.27.13:53:59 Info: add_connection avs_paddingLayer_cra_cra_ring.cra_master net_system.avs_paddingLayer_cra
2017.06.27.13:53:59 Info: set_connection_parameter_value avs_paddingLayer_cra_cra_ring.cra_master/net_system.avs_paddingLayer_cra baseAddress 0x0
2017.06.27.13:53:59 Info: add_instance avs_poolingLayer_cra_cra_ring cra_ring_node 
2017.06.27.13:53:59 Info: set_instance_parameter_value avs_poolingLayer_cra_cra_ring DATA_W 64
2017.06.27.13:53:59 Info: set_instance_parameter_value avs_poolingLayer_cra_cra_ring RING_ADDR_W 5
2017.06.27.13:53:59 Info: set_instance_parameter_value avs_poolingLayer_cra_cra_ring CRA_ADDR_W 5
2017.06.27.13:53:59 Info: set_instance_parameter_value avs_poolingLayer_cra_cra_ring ID_W 3
2017.06.27.13:53:59 Info: set_instance_parameter_value avs_poolingLayer_cra_cra_ring ID 4
2017.06.27.13:53:59 Info: add_connection acl_iface.kernel_clk avs_poolingLayer_cra_cra_ring.clock
2017.06.27.13:53:59 Info: add_connection acl_iface.kernel_reset avs_poolingLayer_cra_cra_ring.reset
2017.06.27.13:53:59 Info: add_connection avs_paddingLayer_cra_cra_ring.ring_out avs_poolingLayer_cra_cra_ring.ring_in
2017.06.27.13:53:59 Info: add_connection avs_poolingLayer_cra_cra_ring.cra_master net_system.avs_poolingLayer_cra
2017.06.27.13:53:59 Info: set_connection_parameter_value avs_poolingLayer_cra_cra_ring.cra_master/net_system.avs_poolingLayer_cra baseAddress 0x0
2017.06.27.13:53:59 Info: add_instance avs_reluLayer_cra_cra_ring cra_ring_node 
2017.06.27.13:53:59 Info: set_instance_parameter_value avs_reluLayer_cra_cra_ring DATA_W 64
2017.06.27.13:53:59 Info: set_instance_parameter_value avs_reluLayer_cra_cra_ring RING_ADDR_W 5
2017.06.27.13:53:59 Info: set_instance_parameter_value avs_reluLayer_cra_cra_ring CRA_ADDR_W 5
2017.06.27.13:53:59 Info: set_instance_parameter_value avs_reluLayer_cra_cra_ring ID_W 3
2017.06.27.13:53:59 Info: set_instance_parameter_value avs_reluLayer_cra_cra_ring ID 5
2017.06.27.13:53:59 Info: add_connection acl_iface.kernel_clk avs_reluLayer_cra_cra_ring.clock
2017.06.27.13:53:59 Info: add_connection acl_iface.kernel_reset avs_reluLayer_cra_cra_ring.reset
2017.06.27.13:53:59 Info: add_connection avs_poolingLayer_cra_cra_ring.ring_out avs_reluLayer_cra_cra_ring.ring_in
2017.06.27.13:53:59 Info: add_connection avs_reluLayer_cra_cra_ring.cra_master net_system.avs_reluLayer_cra
2017.06.27.13:53:59 Info: set_connection_parameter_value avs_reluLayer_cra_cra_ring.cra_master/net_system.avs_reluLayer_cra baseAddress 0x0
2017.06.27.13:53:59 Info: add_connection avs_reluLayer_cra_cra_ring.ring_out cra_root.ring_in
2017.06.27.13:53:59 Info: save_system 
2017.06.27.13:54:00 Info: 
********************************************************************************************************************

Use qsys-generate for a simpler command-line interface for generating IP.

Run ip-generate with switch --remove-qsys-generate-warning to prevent this notice from appearing in subsequent runs.

********************************************************************************************************************
2017.06.27.13:54:03 Progress: Loading net/system.qsys
2017.06.27.13:54:03 Progress: Reading input file
2017.06.27.13:54:04 Progress: Adding acl_iface [acl_iface_system 1.0]
2017.06.27.13:54:04 Progress: Reading input file
2017.06.27.13:54:04 Progress: Adding global_reset_in [altera_reset_bridge 13.1]
2017.06.27.13:54:04 Warning: global_reset_in: Used altera_reset_bridge 16.1 (instead of 13.1)
2017.06.27.13:54:04 Progress: Parameterizing module global_reset_in
2017.06.27.13:54:04 Progress: Adding pipe_stage_ddr3b_dimm [altera_avalon_mm_bridge 13.1]
2017.06.27.13:54:05 Warning: pipe_stage_ddr3b_dimm: Used altera_avalon_mm_bridge 16.1 (instead of 13.1)
2017.06.27.13:54:05 Progress: Parameterizing module pipe_stage_ddr3b_dimm
2017.06.27.13:54:05 Progress: Adding pcie [altera_pcie_sv_hip_avmm 13.1]
2017.06.27.13:54:05 Warning: pcie: Used altera_pcie_sv_hip_avmm 16.1 (instead of 13.1)
2017.06.27.13:54:05 Progress: Parameterizing module pcie
2017.06.27.13:54:05 Progress: Adding ddr3a [altera_mem_if_ddr3_emif 13.1]
2017.06.27.13:54:05 Warning: ddr3a: Used altera_mem_if_ddr3_emif 16.1 (instead of 13.1)
2017.06.27.13:54:05 Progress: Parameterizing module ddr3a
2017.06.27.13:54:05 Progress: Adding ddr3b [altera_mem_if_ddr3_emif 13.1]
2017.06.27.13:54:05 Warning: ddr3b: Used altera_mem_if_ddr3_emif 16.1 (instead of 13.1)
2017.06.27.13:54:05 Progress: Parameterizing module ddr3b
2017.06.27.13:54:05 Progress: Adding pipe_stage_ddr3a_dimm [altera_avalon_mm_bridge 13.1]
2017.06.27.13:54:05 Warning: pipe_stage_ddr3a_dimm: Used altera_avalon_mm_bridge 16.1 (instead of 13.1)
2017.06.27.13:54:05 Progress: Parameterizing module pipe_stage_ddr3a_dimm
2017.06.27.13:54:05 Progress: Adding config_clk [altera_clock_bridge 13.1]
2017.06.27.13:54:05 Warning: config_clk: Used altera_clock_bridge 16.1 (instead of 13.1)
2017.06.27.13:54:05 Progress: Parameterizing module config_clk
2017.06.27.13:54:05 Progress: Adding clock_cross_dma_to_pcie [altera_avalon_mm_clock_crossing_bridge 13.1]
2017.06.27.13:54:05 Warning: clock_cross_dma_to_pcie: Used altera_avalon_mm_clock_crossing_bridge 16.1 (instead of 13.1)
2017.06.27.13:54:05 Progress: Parameterizing module clock_cross_dma_to_pcie
2017.06.27.13:54:05 Progress: Adding temperature_pll [altera_pll 13.1]
2017.06.27.13:54:06 Warning: temperature_pll: Used altera_pll 16.1 (instead of 13.1)
2017.06.27.13:54:06 Progress: Parameterizing module temperature_pll
2017.06.27.13:54:06 Progress: Adding temperature_0 [temperature 10.0]
2017.06.27.13:54:06 Progress: Parameterizing module temperature_0
2017.06.27.13:54:06 Progress: Adding acl_kernel_clk [acl_kernel_clk 1.0]
2017.06.27.13:54:06 Progress: Reading input file
2017.06.27.13:54:06 Progress: Adding kernel_clk [clock_source 13.1]
2017.06.27.13:54:06 Warning: kernel_clk: Used clock_source 16.1 (instead of 13.1)
2017.06.27.13:54:06 Progress: Parameterizing module kernel_clk
2017.06.27.13:54:06 Progress: Adding kernel_pll [altera_pll 13.1]
2017.06.27.13:54:06 Warning: kernel_pll: Used altera_pll 16.1 (instead of 13.1)
2017.06.27.13:54:06 Progress: Parameterizing module kernel_pll
2017.06.27.13:54:06 Progress: Adding pll_reconfig_0 [altera_pll_reconfig 13.1]
2017.06.27.13:54:06 Warning: pll_reconfig_0: Used altera_pll_reconfig 16.1 (instead of 13.1)
2017.06.27.13:54:06 Progress: Parameterizing module pll_reconfig_0
2017.06.27.13:54:06 Progress: Adding counter [acl_timer 10.0]
2017.06.27.13:54:06 Progress: Parameterizing module counter
2017.06.27.13:54:06 Progress: Adding global_routing_kernel_clk [global_routing_clk 10.0]
2017.06.27.13:54:06 Progress: Parameterizing module global_routing_kernel_clk
2017.06.27.13:54:06 Progress: Adding global_routing_kernel_clk2x [global_routing_clk 10.0]
2017.06.27.13:54:06 Progress: Parameterizing module global_routing_kernel_clk2x
2017.06.27.13:54:06 Progress: Adding kernel_pll_refclk [altera_clock_bridge 13.1]
2017.06.27.13:54:06 Warning: kernel_pll_refclk: Used altera_clock_bridge 16.1 (instead of 13.1)
2017.06.27.13:54:06 Progress: Parameterizing module kernel_pll_refclk
2017.06.27.13:54:06 Progress: Adding ctrl [altera_avalon_mm_bridge 13.1]
2017.06.27.13:54:06 Warning: ctrl: Used altera_avalon_mm_bridge 16.1 (instead of 13.1)
2017.06.27.13:54:06 Progress: Parameterizing module ctrl
2017.06.27.13:54:06 Progress: Adding pll_sw_reset [sw_reset 10.0]
2017.06.27.13:54:06 Progress: Parameterizing module pll_sw_reset
2017.06.27.13:54:06 Progress: Adding pll_lock_avs_0 [pll_lock_avs 10.0]
2017.06.27.13:54:06 Progress: Parameterizing module pll_lock_avs_0
2017.06.27.13:54:06 Progress: Adding clk [clock_source 13.1]
2017.06.27.13:54:06 Warning: clk: Used clock_source 16.1 (instead of 13.1)
2017.06.27.13:54:06 Progress: Parameterizing module clk
2017.06.27.13:54:06 Progress: Adding version_id_0 [version_id 10.0]
2017.06.27.13:54:06 Progress: Parameterizing module version_id_0
2017.06.27.13:54:06 Progress: Adding pll_rom [altera_avalon_onchip_memory2 13.1]
2017.06.27.13:54:06 Warning: pll_rom: Used altera_avalon_onchip_memory2 16.1 (instead of 13.1)
2017.06.27.13:54:06 Progress: Parameterizing module pll_rom
2017.06.27.13:54:06 Progress: Building connections
2017.06.27.13:54:06 Progress: Parameterizing connections
2017.06.27.13:54:06 Progress: Validating
2017.06.27.13:54:09 Progress: Done reading input file
2017.06.27.13:54:09 Progress: Parameterizing module acl_kernel_clk
2017.06.27.13:54:09 Progress: Adding kernel_interface [acl_kernel_interface 1.0]
2017.06.27.13:54:09 Progress: Reading input file
2017.06.27.13:54:09 Progress: Adding kernel_cra [altera_avalon_mm_bridge 13.1]
2017.06.27.13:54:09 Warning: kernel_cra: Used altera_avalon_mm_bridge 16.1 (instead of 13.1)
2017.06.27.13:54:09 Progress: Parameterizing module kernel_cra
2017.06.27.13:54:09 Progress: Adding address_span_extender_0 [altera_address_span_extender 1.2]
2017.06.27.13:54:09 Warning: address_span_extender_0: Used altera_address_span_extender 16.1 (instead of 1.2)
2017.06.27.13:54:09 Progress: Parameterizing module address_span_extender_0
2017.06.27.13:54:09 Info: address_span_extender_0: Upgrade from altera_address_span_extender v1.2. Removing parameter AUTO_CLOCK_CLOCK_RATE
2017.06.27.13:54:09 Info: address_span_extender_0: Upgrade from altera_address_span_extender v1.2. Removing parameter AUTO_DEVICE_FAMILY
2017.06.27.13:54:09 Info: address_span_extender_0: Upgrade from altera_address_span_extender v1.2 TERMINATE_SLAVE_PORT(false) -> ENABLE_SLAVE_PORT(true).
2017.06.27.13:54:09 Progress: Adding sw_reset [sw_reset 10.0]
2017.06.27.13:54:09 Progress: Parameterizing module sw_reset
2017.06.27.13:54:09 Progress: Adding kernel_cntrl [altera_avalon_mm_bridge 13.1]
2017.06.27.13:54:09 Warning: kernel_cntrl: Used altera_avalon_mm_bridge 16.1 (instead of 13.1)
2017.06.27.13:54:09 Progress: Parameterizing module kernel_cntrl
2017.06.27.13:54:09 Progress: Adding mem_org_mode [mem_org_mode 10.0]
2017.06.27.13:54:09 Progress: Parameterizing module mem_org_mode
2017.06.27.13:54:09 Progress: Adding clk_reset [clock_source 13.1]
2017.06.27.13:54:09 Warning: clk_reset: Used clock_source 16.1 (instead of 13.1)
2017.06.27.13:54:09 Progress: Parameterizing module clk_reset
2017.06.27.13:54:09 Progress: Adding irq_bridge_0 [altera_irq_bridge 13.1]
2017.06.27.13:54:09 Warning: irq_bridge_0: Used altera_irq_bridge 16.1 (instead of 13.1)
2017.06.27.13:54:09 Progress: Parameterizing module irq_bridge_0
2017.06.27.13:54:09 Progress: Adding sw_reset_in [altera_reset_bridge 13.1]
2017.06.27.13:54:09 Warning: sw_reset_in: Used altera_reset_bridge 16.1 (instead of 13.1)
2017.06.27.13:54:09 Progress: Parameterizing module sw_reset_in
2017.06.27.13:54:09 Progress: Adding version_id_0 [version_id 10.0]
2017.06.27.13:54:09 Progress: Parameterizing module version_id_0
2017.06.27.13:54:09 Progress: Adding reset_controller_sw [altera_reset_controller 13.1]
2017.06.27.13:54:09 Warning: reset_controller_sw: Used altera_reset_controller 16.1 (instead of 13.1)
2017.06.27.13:54:09 Progress: Parameterizing module reset_controller_sw
2017.06.27.13:54:09 Progress: Adding kernel_clk [altera_clock_bridge 13.1]
2017.06.27.13:54:09 Warning: kernel_clk: Used altera_clock_bridge 16.1 (instead of 13.1)
2017.06.27.13:54:09 Progress: Parameterizing module kernel_clk
2017.06.27.13:54:09 Progress: Adding reset_bridge_0 [altera_reset_bridge 13.1]
2017.06.27.13:54:09 Warning: reset_bridge_0: Used altera_reset_bridge 16.1 (instead of 13.1)
2017.06.27.13:54:09 Progress: Parameterizing module reset_bridge_0
2017.06.27.13:54:09 Progress: Adding reset_bridge_1 [altera_reset_bridge 13.1]
2017.06.27.13:54:09 Warning: reset_bridge_1: Used altera_reset_bridge 16.1 (instead of 13.1)
2017.06.27.13:54:09 Progress: Parameterizing module reset_bridge_1
2017.06.27.13:54:09 Progress: Adding sys_description_rom [altera_avalon_onchip_memory2 13.1]
2017.06.27.13:54:09 Warning: sys_description_rom: Used altera_avalon_onchip_memory2 16.1 (instead of 13.1)
2017.06.27.13:54:09 Progress: Parameterizing module sys_description_rom
2017.06.27.13:54:09 Progress: Building connections
2017.06.27.13:54:09 Progress: Parameterizing connections
2017.06.27.13:54:09 Progress: Validating
2017.06.27.13:54:09 Progress: Done reading input file
2017.06.27.13:54:10 Progress: Parameterizing module kernel_interface
2017.06.27.13:54:10 Progress: Adding dma_0 [acl_dma 1.0]
2017.06.27.13:54:10 Progress: Reading input file
2017.06.27.13:54:10 Progress: Adding clk [clock_source 13.0]
2017.06.27.13:54:10 Warning: clk: Used clock_source 16.1 (instead of 13.0)
2017.06.27.13:54:10 Progress: Parameterizing module clk
2017.06.27.13:54:10 Progress: Adding pipe_stage_0 [altera_avalon_mm_bridge 13.0]
2017.06.27.13:54:10 Warning: pipe_stage_0: Used altera_avalon_mm_bridge 16.1 (instead of 13.0)
2017.06.27.13:54:10 Progress: Parameterizing module pipe_stage_0
2017.06.27.13:54:10 Progress: Adding dma [acl_dma_core 1.0]
2017.06.27.13:54:10 Progress: Reading input file
2017.06.27.13:54:10 Progress: Adding modular_sgdma_dispatcher_0 [modular_sgdma_dispatcher 1.0]
2017.06.27.13:54:11 Progress: Parameterizing module modular_sgdma_dispatcher_0
2017.06.27.13:54:11 Progress: Adding dma_read_master [dma_read_master 1.0]
2017.06.27.13:54:11 Progress: Parameterizing module dma_read_master
2017.06.27.13:54:11 Progress: Adding dma_write_master [dma_write_master 1.0]
2017.06.27.13:54:11 Progress: Parameterizing module dma_write_master
2017.06.27.13:54:11 Progress: Adding pipe_stage_dma_read [altera_avalon_mm_bridge 12.1]
2017.06.27.13:54:11 Warning: pipe_stage_dma_read: Used altera_avalon_mm_bridge 16.1 (instead of 12.1)
2017.06.27.13:54:11 Progress: Parameterizing module pipe_stage_dma_read
2017.06.27.13:54:11 Progress: Adding pipe_stage_dma_write [altera_avalon_mm_bridge 12.1]
2017.06.27.13:54:11 Warning: pipe_stage_dma_write: Used altera_avalon_mm_bridge 16.1 (instead of 12.1)
2017.06.27.13:54:11 Progress: Parameterizing module pipe_stage_dma_write
2017.06.27.13:54:11 Progress: Adding dma_clk [clock_source 12.1]
2017.06.27.13:54:11 Warning: dma_clk: Used clock_source 16.1 (instead of 12.1)
2017.06.27.13:54:11 Progress: Parameterizing module dma_clk
2017.06.27.13:54:11 Progress: Building connections
2017.06.27.13:54:11 Progress: Parameterizing connections
2017.06.27.13:54:11 Progress: Validating
2017.06.27.13:54:11 Progress: Done reading input file
2017.06.27.13:54:11 Progress: Parameterizing module dma
2017.06.27.13:54:11 Progress: Adding address_span_extender_0 [altera_address_span_extender 1.2]
2017.06.27.13:54:11 Warning: address_span_extender_0: Used altera_address_span_extender 16.1 (instead of 1.2)
2017.06.27.13:54:11 Progress: Parameterizing module address_span_extender_0
2017.06.27.13:54:11 Info: address_span_extender_0: Upgrade from altera_address_span_extender v1.2. Removing parameter AUTO_CLOCK_CLOCK_RATE
2017.06.27.13:54:11 Info: address_span_extender_0: Upgrade from altera_address_span_extender v1.2. Removing parameter AUTO_DEVICE_FAMILY
2017.06.27.13:54:11 Info: address_span_extender_0: Upgrade from altera_address_span_extender v1.2 TERMINATE_SLAVE_PORT(false) -> ENABLE_SLAVE_PORT(true).
2017.06.27.13:54:11 Progress: Adding pipe_stage_m [altera_avalon_mm_bridge 13.0]
2017.06.27.13:54:11 Warning: pipe_stage_m: Used altera_avalon_mm_bridge 16.1 (instead of 13.0)
2017.06.27.13:54:11 Progress: Parameterizing module pipe_stage_m
2017.06.27.13:54:11 Progress: Adding csr [altera_avalon_mm_bridge 13.0]
2017.06.27.13:54:11 Warning: csr: Used altera_avalon_mm_bridge 16.1 (instead of 13.0)
2017.06.27.13:54:11 Progress: Parameterizing module csr
2017.06.27.13:54:11 Progress: Building connections
2017.06.27.13:54:11 Progress: Parameterizing connections
2017.06.27.13:54:11 Progress: Validating
2017.06.27.13:54:12 Progress: Done reading input file
2017.06.27.13:54:12 Progress: Parameterizing module dma_0
2017.06.27.13:54:12 Progress: Adding pipe_stage_host_ctrl [altera_avalon_mm_bridge 13.1]
2017.06.27.13:54:12 Warning: pipe_stage_host_ctrl: Used altera_avalon_mm_bridge 16.1 (instead of 13.1)
2017.06.27.13:54:12 Progress: Parameterizing module pipe_stage_host_ctrl
2017.06.27.13:54:12 Progress: Adding clock_cross_kernel_mem_0 [altera_avalon_mm_clock_crossing_bridge 13.1]
2017.06.27.13:54:12 Warning: clock_cross_kernel_mem_0: Used altera_avalon_mm_clock_crossing_bridge 16.1 (instead of 13.1)
2017.06.27.13:54:12 Progress: Parameterizing module clock_cross_kernel_mem_0
2017.06.27.13:54:12 Progress: Adding clock_cross_kernel_mem_1 [altera_avalon_mm_clock_crossing_bridge 13.1]
2017.06.27.13:54:12 Warning: clock_cross_kernel_mem_1: Used altera_avalon_mm_clock_crossing_bridge 16.1 (instead of 13.1)
2017.06.27.13:54:12 Progress: Parameterizing module clock_cross_kernel_mem_1
2017.06.27.13:54:12 Progress: Adding pipe_stage_ddr3a_iface [altera_avalon_mm_bridge 13.1]
2017.06.27.13:54:12 Warning: pipe_stage_ddr3a_iface: Used altera_avalon_mm_bridge 16.1 (instead of 13.1)
2017.06.27.13:54:12 Progress: Parameterizing module pipe_stage_ddr3a_iface
2017.06.27.13:54:12 Progress: Adding em_pc_0 [altera_avalon_em_pc 13.1]
2017.06.27.13:54:12 Warning: em_pc_0: Used altera_avalon_em_pc 16.1 (instead of 13.1)
2017.06.27.13:54:12 Progress: Parameterizing module em_pc_0
2017.06.27.13:54:12 Progress: Adding em_pc_1 [altera_avalon_em_pc 13.1]
2017.06.27.13:54:12 Warning: em_pc_1: Used altera_avalon_em_pc 16.1 (instead of 13.1)
2017.06.27.13:54:12 Progress: Parameterizing module em_pc_1
2017.06.27.13:54:12 Progress: Adding clock_cross_dma_to_ddr3b [altera_avalon_mm_clock_crossing_bridge 13.1]
2017.06.27.13:54:12 Warning: clock_cross_dma_to_ddr3b: Used altera_avalon_mm_clock_crossing_bridge 16.1 (instead of 13.1)
2017.06.27.13:54:12 Progress: Parameterizing module clock_cross_dma_to_ddr3b
2017.06.27.13:54:12 Progress: Adding kernel_clk [clock_source 13.1]
2017.06.27.13:54:12 Warning: kernel_clk: Used clock_source 16.1 (instead of 13.1)
2017.06.27.13:54:12 Progress: Parameterizing module kernel_clk
2017.06.27.13:54:12 Progress: Adding acl_memory_bank_divider_0 [acl_memory_bank_divider 1.0]
2017.06.27.13:54:12 Warning: acl_memory_bank_divider: add_instance: Component clock_source version 12.1 is not installed - loaded latest installed version 16.1 instead.  Please check for parameter mismatches 
2017.06.27.13:54:12 Warning: acl_memory_bank_divider: add_instance: Component clock_source version 12.1 is not installed - loaded latest installed version 16.1 instead.  Please check for parameter mismatches 
2017.06.27.13:54:12 Progress: Parameterizing module acl_memory_bank_divider_0
2017.06.27.13:54:12 Progress: Adding por_reset_counter [sw_reset 10.0]
2017.06.27.13:54:12 Progress: Parameterizing module por_reset_counter
2017.06.27.13:54:12 Progress: Adding reset_controller_pcie [altera_reset_controller 13.1]
2017.06.27.13:54:12 Warning: reset_controller_pcie: Used altera_reset_controller 16.1 (instead of 13.1)
2017.06.27.13:54:12 Progress: Parameterizing module reset_controller_pcie
2017.06.27.13:54:12 Progress: Adding reset_controller_ddr3b [altera_reset_controller 13.1]
2017.06.27.13:54:12 Warning: reset_controller_ddr3b: Used altera_reset_controller 16.1 (instead of 13.1)
2017.06.27.13:54:12 Progress: Parameterizing module reset_controller_ddr3b
2017.06.27.13:54:12 Progress: Adding reset_controller_ddr3a [altera_reset_controller 13.1]
2017.06.27.13:54:12 Warning: reset_controller_ddr3a: Used altera_reset_controller 16.1 (instead of 13.1)
2017.06.27.13:54:12 Progress: Parameterizing module reset_controller_ddr3a
2017.06.27.13:54:12 Progress: Adding npor_export [altera_reset_bridge 13.1]
2017.06.27.13:54:12 Warning: npor_export: Used altera_reset_bridge 16.1 (instead of 13.1)
2017.06.27.13:54:12 Progress: Parameterizing module npor_export
2017.06.27.13:54:12 Progress: Adding global_reset [altera_reset_bridge 13.1]
2017.06.27.13:54:12 Warning: global_reset: Used altera_reset_bridge 16.1 (instead of 13.1)
2017.06.27.13:54:12 Progress: Parameterizing module global_reset
2017.06.27.13:54:12 Progress: Adding reset_controller_global [altera_reset_controller 13.1]
2017.06.27.13:54:12 Warning: reset_controller_global: Used altera_reset_controller 16.1 (instead of 13.1)
2017.06.27.13:54:12 Progress: Parameterizing module reset_controller_global
2017.06.27.13:54:12 Progress: Adding uniphy_status_0 [uniphy_status 10.0]
2017.06.27.13:54:12 Progress: Parameterizing module uniphy_status_0
2017.06.27.13:54:12 Progress: Adding version_id_0 [version_id 10.0]
2017.06.27.13:54:12 Progress: Parameterizing module version_id_0
2017.06.27.13:54:12 Progress: Adding pipe_stage_ddr3b_iface [altera_avalon_mm_bridge 13.1]
2017.06.27.13:54:12 Warning: pipe_stage_ddr3b_iface: Used altera_avalon_mm_bridge 16.1 (instead of 13.1)
2017.06.27.13:54:12 Progress: Parameterizing module pipe_stage_ddr3b_iface
2017.06.27.13:54:12 Progress: Building connections
2017.06.27.13:54:12 Progress: Parameterizing connections
2017.06.27.13:54:12 Progress: Validating
2017.06.27.13:54:20 Progress: Done reading input file
2017.06.27.13:54:21 Progress: Parameterizing module acl_iface
2017.06.27.13:54:21 Progress: Adding avs_convLayer_cra_cra_ring [cra_ring_node 1.0]
2017.06.27.13:54:21 Progress: Parameterizing module avs_convLayer_cra_cra_ring
2017.06.27.13:54:21 Progress: Adding avs_dataLayer_cra_cra_ring [cra_ring_node 1.0]
2017.06.27.13:54:21 Progress: Parameterizing module avs_dataLayer_cra_cra_ring
2017.06.27.13:54:21 Progress: Adding avs_outputLayer_cra_cra_ring [cra_ring_node 1.0]
2017.06.27.13:54:21 Progress: Parameterizing module avs_outputLayer_cra_cra_ring
2017.06.27.13:54:21 Progress: Adding avs_paddingLayer_cra_cra_ring [cra_ring_node 1.0]
2017.06.27.13:54:21 Progress: Parameterizing module avs_paddingLayer_cra_cra_ring
2017.06.27.13:54:21 Progress: Adding avs_poolingLayer_cra_cra_ring [cra_ring_node 1.0]
2017.06.27.13:54:21 Progress: Parameterizing module avs_poolingLayer_cra_cra_ring
2017.06.27.13:54:21 Progress: Adding avs_reluLayer_cra_cra_ring [cra_ring_node 1.0]
2017.06.27.13:54:21 Progress: Parameterizing module avs_reluLayer_cra_cra_ring
2017.06.27.13:54:21 Progress: Adding cra_root [cra_ring_root 1.0]
2017.06.27.13:54:21 Progress: Parameterizing module cra_root
2017.06.27.13:54:21 Progress: Adding global_reset [altera_reset_bridge 16.1]
2017.06.27.13:54:21 Progress: Parameterizing module global_reset
2017.06.27.13:54:21 Progress: Adding net_system [net_system 14.0]
2017.06.27.13:54:21 Progress: Parameterizing module net_system
2017.06.27.13:54:21 Progress: Building connections
2017.06.27.13:54:21 Progress: Parameterizing connections
2017.06.27.13:54:21 Progress: Validating
2017.06.27.13:54:23 Progress: Done reading input file
2017.06.27.13:54:29 Info: system.acl_iface.pcie: CVP support for this design is enabled.
2017.06.27.13:54:29 Info: system.acl_iface.pcie: The application clock frequency (pld_clk) is 250 Mhz
2017.06.27.13:54:29 Info: system.acl_iface.pcie: Family: Stratix V
2017.06.27.13:54:29 Info: system.acl_iface.pcie: 10 reconfiguration interfaces are required for connection to the external reconfiguration controller and the reconfig driver
2017.06.27.13:54:29 Info: system.acl_iface.pcie: Hard Reset Controller enabled
2017.06.27.13:54:29 Info: system.acl_iface.pcie: Credit allocation in the 16 KBytes receive buffer:
2017.06.27.13:54:29 Info: system.acl_iface.pcie: Posted    : header=16  data=16
2017.06.27.13:54:29 Info: system.acl_iface.pcie: Non posted: header=16  data=0
2017.06.27.13:54:29 Info: system.acl_iface.pcie: Completion: header=195 data=781
2017.06.27.13:54:29 Info: system.acl_iface.pcie: TXS ADDRESS WIDTH is 32
2017.06.27.13:54:29 Warning: system.acl_iface.ddr3a: Timing closure may not be achievable at maximum frequency for 'Command Queue Look-Ahead Depth' value greater than 4.
2017.06.27.13:54:29 Warning: system.acl_iface.ddr3a: 'Quick' simulation modes are NOT timing accurate. Some simulation memory models may issue warnings or errors
2017.06.27.13:54:29 Warning: system.acl_iface.ddr3a.pll_bridge: pll_bridge.pll_sharing cannot be both connected and exported
2017.06.27.13:54:29 Warning: system.acl_iface.ddr3b: Timing closure may not be achievable at maximum frequency for 'Command Queue Look-Ahead Depth' value greater than 4.
2017.06.27.13:54:29 Warning: system.acl_iface.ddr3b: 'Quick' simulation modes are NOT timing accurate. Some simulation memory models may issue warnings or errors
2017.06.27.13:54:29 Warning: system.acl_iface.ddr3b.pll_bridge: pll_bridge.pll_sharing cannot be both connected and exported
2017.06.27.13:54:29 Info: system.acl_iface.temperature_pll: The legal reference clock frequency is 5.0 MHz..800.0 MHz
2017.06.27.13:54:29 Info: system.acl_iface.temperature_pll: Able to implement PLL with user settings
2017.06.27.13:54:29 Warning: system.acl_iface.acl_kernel_clk.kernel_clk: The input clock frequency must be known or set by the parent if this is a subsystem.
2017.06.27.13:54:29 Info: system.acl_iface.acl_kernel_clk.kernel_pll: The legal reference clock frequency is 5.0 MHz..800.0 MHz
2017.06.27.13:54:29 Info: system.acl_iface.acl_kernel_clk.kernel_pll: Able to implement PLL with user settings
2017.06.27.13:54:29 Warning: system.acl_iface.em_pc_0: UniPHY Efficiency Monitor and Protocol Checker can only be connected to debug GUI when using a CSR port connection with an internally connected JTAG Avalon Master
2017.06.27.13:54:29 Warning: system.acl_iface.em_pc_0.em_pc_core_0: em_pc_core_0.effmon_status_in_conduit_end must be exported, or connected to a matching conduit.
2017.06.27.13:54:29 Warning: system.acl_iface.em_pc_0.em_pc_core_0: em_pc_core_0.status_conduit_end must be exported, or connected to a matching conduit.
2017.06.27.13:54:29 Warning: system.acl_iface.em_pc_1: UniPHY Efficiency Monitor and Protocol Checker can only be connected to debug GUI when using a CSR port connection with an internally connected JTAG Avalon Master
2017.06.27.13:54:29 Warning: system.acl_iface.em_pc_1.em_pc_core_0: em_pc_core_0.effmon_status_in_conduit_end must be exported, or connected to a matching conduit.
2017.06.27.13:54:29 Warning: system.acl_iface.em_pc_1.em_pc_core_0: em_pc_core_0.status_conduit_end must be exported, or connected to a matching conduit.
2017.06.27.13:54:29 Warning: system.acl_iface.kernel_clk: The input clock frequency must be known or set by the parent if this is a subsystem.
2017.06.27.13:54:29 Warning: system.acl_iface.acl_memory_bank_divider_0: add_instance: Component altera_avalon_mm_bridge version 12.1 is not installed - loaded latest installed version 16.1 instead.  Please check for parameter mismatches 
2017.06.27.13:54:29 Warning: system.acl_iface.acl_memory_bank_divider: add_instance: Component clock_source version 12.1 is not installed - loaded latest installed version 16.1 instead.  Please check for parameter mismatches 
2017.06.27.13:54:29 Warning: system.acl_iface.acl_memory_bank_divider: add_instance: Component clock_source version 12.1 is not installed - loaded latest installed version 16.1 instead.  Please check for parameter mismatches 
2017.06.27.13:54:29 Warning: system.acl_iface.acl_kernel_clk.kernel_clk/acl_memory_bank_divider_0.kernel_clk: acl_memory_bank_divider_0.kernel_clk requires 100000000Hz, but source has frequency of 0Hz
2017.06.27.13:54:29 Warning: system.acl_iface.pcie: pcie.reconfig_clk_locked must be exported, or connected to a matching conduit.
2017.06.27.13:54:29 Warning: system.acl_iface.pcie: pcie.hip_pipe must be exported, or connected to a matching conduit.
2017.06.27.13:54:29 Warning: system.acl_iface.ddr3a: ddr3a.pll_sharing must be exported, or connected to a matching conduit.
2017.06.27.13:54:29 Warning: system.acl_iface.ddr3b: ddr3b.pll_sharing must be exported, or connected to a matching conduit.
2017.06.27.13:54:29 Warning: system.acl_iface.temperature_pll: temperature_pll.locked must be exported, or connected to a matching conduit.
2017.06.27.13:54:29 Warning: system.acl_iface.acl_kernel_clk: acl_kernel_clk.kernel_pll_locked must be exported, or connected to a matching conduit.
2017.06.27.13:54:29 Warning: system.acl_iface.uniphy_status_0: uniphy_status_0.status_export must be exported, or connected to a matching conduit.
2017.06.27.13:54:29 Warning: system.acl_iface.pcie: Interrupt sender pcie.CraIrq is not connected to an interrupt receiver
2017.06.27.13:54:29 Warning: system.acl_iface.por_reset_counter: por_reset_counter.s must be connected to an Avalon-MM master
2017.06.27.13:54:29 Warning: system.acl_iface.acl_internal_snoop: acl_iface.acl_internal_snoop must be connected to an Avalon-ST sink
2017.06.27.13:54:29 Warning: system.acl_iface: acl_iface.pcie_hip_ctrl must be exported, or connected to a matching conduit.
2017.06.27.13:54:29 Warning: system.acl_iface: acl_iface.acl_internal_memorg_kernel must be exported, or connected to a matching conduit.
2017.06.27.13:54:29 Info: system: Generating system "system" for QUARTUS_SYNTH
2017.06.27.13:54:33 Info: Interconnect is inserted between master acl_iface.kernel_cra and slave cra_root.cra_slave because the master has burstcount signal 1 bit wide, but the slave is 0 bit wide.
2017.06.27.13:54:33 Info: Interconnect is inserted between master acl_iface.kernel_cra and slave cra_root.cra_slave because the master has address signal 30 bit wide, but the slave is 8 bit wide.
2017.06.27.13:54:33 Info: Interconnect is inserted between master acl_iface.kernel_cra and slave cra_root.cra_slave because the master has debugaccess signal 1 bit wide, but the slave is 0 bit wide.
2017.06.27.13:54:38 Info: Interconnect is inserted between master pipe_stage_ddr3a_dimm.m0 and slave ddr3a.avl because the master has address signal 31 bit wide, but the slave is 25 bit wide.
2017.06.27.13:54:38 Info: Interconnect is inserted between master pipe_stage_ddr3a_dimm.m0 and slave ddr3a.avl because the master has debugaccess signal 1 bit wide, but the slave is 0 bit wide.
2017.06.27.13:54:38 Info: Interconnect is inserted between master pipe_stage_ddr3b_dimm.m0 and slave ddr3b.avl because the master has address signal 31 bit wide, but the slave is 25 bit wide.
2017.06.27.13:54:38 Info: Interconnect is inserted between master pipe_stage_ddr3b_dimm.m0 and slave ddr3b.avl because the master has debugaccess signal 1 bit wide, but the slave is 0 bit wide.
2017.06.27.13:54:39 Info: Inserting clock-crossing logic between cmd_demux.src0 and cmd_mux.sink0
2017.06.27.13:54:39 Info: Inserting clock-crossing logic between cmd_demux.src1 and cmd_mux_001.sink0
2017.06.27.13:54:39 Info: Inserting clock-crossing logic between cmd_demux.src3 and cmd_mux_003.sink0
2017.06.27.13:54:39 Info: Inserting clock-crossing logic between cmd_demux.src5 and cmd_mux_005.sink0
2017.06.27.13:54:39 Info: Inserting clock-crossing logic between cmd_demux.src6 and cmd_mux_006.sink0
2017.06.27.13:54:39 Info: Inserting clock-crossing logic between cmd_demux.src7 and cmd_mux_007.sink0
2017.06.27.13:54:39 Info: Inserting clock-crossing logic between rsp_demux.src0 and rsp_mux.sink0
2017.06.27.13:54:39 Info: Inserting clock-crossing logic between rsp_demux_001.src0 and rsp_mux.sink1
2017.06.27.13:54:39 Info: Inserting clock-crossing logic between rsp_demux_003.src0 and rsp_mux.sink3
2017.06.27.13:54:39 Info: Inserting clock-crossing logic between rsp_demux_005.src0 and rsp_mux.sink5
2017.06.27.13:54:39 Info: Inserting clock-crossing logic between rsp_demux_006.src0 and rsp_mux.sink6
2017.06.27.13:54:39 Info: Inserting clock-crossing logic between rsp_demux_007.src0 and rsp_mux.sink7
2017.06.27.13:54:41 Info: Interconnect is inserted between master clock_cross_kernel_mem_0.m0 and slave em_pc_0.avl_in because the master has burstcount signal 5 bit wide, but the slave is 1 bit wide.
2017.06.27.13:54:41 Info: Interconnect is inserted between master clock_cross_kernel_mem_0.m0 and slave em_pc_0.avl_in because the master has address signal 31 bit wide, but the slave is 25 bit wide.
2017.06.27.13:54:41 Info: Interconnect is inserted between master clock_cross_kernel_mem_0.m0 and slave em_pc_0.avl_in because the master has debugaccess signal 1 bit wide, but the slave is 0 bit wide.
2017.06.27.13:54:41 Info: Interconnect is inserted between master clock_cross_kernel_mem_1.m0 and slave em_pc_1.avl_in because the master has burstcount signal 5 bit wide, but the slave is 1 bit wide.
2017.06.27.13:54:41 Info: Interconnect is inserted between master clock_cross_kernel_mem_1.m0 and slave em_pc_1.avl_in because the master has address signal 31 bit wide, but the slave is 25 bit wide.
2017.06.27.13:54:41 Info: Interconnect is inserted between master clock_cross_kernel_mem_1.m0 and slave em_pc_1.avl_in because the master has debugaccess signal 1 bit wide, but the slave is 0 bit wide.
2017.06.27.13:54:42 Info: Interconnect is inserted between master pcie.Rxm_BAR0 and slave pipe_stage_host_ctrl.s0 because the master has address signal 32 bit wide, but the slave is 18 bit wide.
2017.06.27.13:54:42 Info: Interconnect is inserted between master pcie.Rxm_BAR0 and slave pipe_stage_host_ctrl.s0 because the master has readdata signal 128 bit wide, but the slave is 32 bit wide.
2017.06.27.13:54:42 Info: Interconnect is inserted between master pcie.Rxm_BAR0 and slave pipe_stage_host_ctrl.s0 because the master has writedata signal 128 bit wide, but the slave is 32 bit wide.
2017.06.27.13:54:42 Info: Interconnect is inserted between master pcie.Rxm_BAR0 and slave pipe_stage_host_ctrl.s0 because the master has burstcount signal 6 bit wide, but the slave is 1 bit wide.
2017.06.27.13:54:42 Info: Interconnect is inserted between master pcie.Rxm_BAR0 and slave pipe_stage_host_ctrl.s0 because the master has byteenable signal 16 bit wide, but the slave is 4 bit wide.
2017.06.27.13:54:42 Info: Interconnect is inserted between master clock_cross_dma_to_pcie.m0 and slave pcie.Txs because the master has readdata signal 512 bit wide, but the slave is 128 bit wide.
2017.06.27.13:54:42 Info: Interconnect is inserted between master clock_cross_dma_to_pcie.m0 and slave pcie.Txs because the master has burstcount signal 5 bit wide, but the slave is 6 bit wide.
2017.06.27.13:54:42 Info: Interconnect is inserted between master clock_cross_dma_to_pcie.m0 and slave pcie.Txs because the master has writedata signal 512 bit wide, but the slave is 128 bit wide.
2017.06.27.13:54:42 Info: Interconnect is inserted between master clock_cross_dma_to_pcie.m0 and slave pcie.Txs because the master has byteenable signal 64 bit wide, but the slave is 16 bit wide.
2017.06.27.13:54:42 Info: Interconnect is inserted between master clock_cross_dma_to_pcie.m0 and slave pcie.Txs because the master has debugaccess signal 1 bit wide, but the slave is 0 bit wide.
2017.06.27.13:54:47 Info: acl_iface: "system" instantiated acl_iface_system "acl_iface"
2017.06.27.13:54:47 Info: avs_convLayer_cra_cra_ring: "system" instantiated cra_ring_node "avs_convLayer_cra_cra_ring"
2017.06.27.13:54:47 Info: cra_root: "system" instantiated cra_ring_root "cra_root"
2017.06.27.13:54:47 Info: net_system: "system" instantiated net_system "net_system"
2017.06.27.13:54:47 Info: mm_interconnect_0: "system" instantiated altera_mm_interconnect "mm_interconnect_0"
2017.06.27.13:54:47 Info: mm_interconnect_1: "system" instantiated altera_mm_interconnect "mm_interconnect_1"
2017.06.27.13:54:47 Info: mm_interconnect_8: "system" instantiated altera_mm_interconnect "mm_interconnect_8"
2017.06.27.13:54:47 Info: irq_mapper: "system" instantiated altera_irq_mapper "irq_mapper"
2017.06.27.13:54:47 Info: rst_controller: "system" instantiated altera_reset_controller "rst_controller"
2017.06.27.13:54:47 Info: pipe_stage_ddr3b_dimm: "acl_iface" instantiated altera_avalon_mm_bridge "pipe_stage_ddr3b_dimm"
2017.06.27.13:54:47 Info: pcie: add_fileset_file ./altera_xcvr_functions.sv SYSTEM_VERILOG PATH ../../altera_xcvr_generic/altera_xcvr_functions.sv
2017.06.27.13:54:47 Info: pcie: add_fileset_file ./sv_pcs.sv SYSTEM_VERILOG PATH ../../altera_xcvr_generic/sv/sv_pcs.sv
2017.06.27.13:54:47 Info: pcie: add_fileset_file ./sv_pcs_ch.sv SYSTEM_VERILOG PATH ../../altera_xcvr_generic/sv/sv_pcs_ch.sv
2017.06.27.13:54:47 Info: pcie: add_fileset_file ./sv_pma.sv SYSTEM_VERILOG PATH ../../altera_xcvr_generic/sv/sv_pma.sv
2017.06.27.13:54:47 Info: pcie: add_fileset_file ./sv_reconfig_bundle_to_xcvr.sv SYSTEM_VERILOG PATH ../../altera_xcvr_generic/sv/sv_reconfig_bundle_to_xcvr.sv
2017.06.27.13:54:47 Info: pcie: add_fileset_file ./sv_reconfig_bundle_to_ip.sv SYSTEM_VERILOG PATH ../../altera_xcvr_generic/sv/sv_reconfig_bundle_to_ip.sv
2017.06.27.13:54:47 Info: pcie: add_fileset_file ./sv_reconfig_bundle_merger.sv SYSTEM_VERILOG PATH ../../altera_xcvr_generic/sv/sv_reconfig_bundle_merger.sv
2017.06.27.13:54:47 Info: pcie: add_fileset_file ./sv_rx_pma.sv SYSTEM_VERILOG PATH ../../altera_xcvr_generic/sv/sv_rx_pma.sv
2017.06.27.13:54:47 Info: pcie: add_fileset_file ./sv_tx_pma.sv SYSTEM_VERILOG PATH ../../altera_xcvr_generic/sv/sv_tx_pma.sv
2017.06.27.13:54:47 Info: pcie: add_fileset_file ./sv_tx_pma_ch.sv SYSTEM_VERILOG PATH ../../altera_xcvr_generic/sv/sv_tx_pma_ch.sv
2017.06.27.13:54:47 Info: pcie: add_fileset_file ./sv_xcvr_h.sv SYSTEM_VERILOG PATH ../../altera_xcvr_generic/sv/sv_xcvr_h.sv
2017.06.27.13:54:47 Info: pcie: add_fileset_file ./sv_xcvr_avmm_csr.sv SYSTEM_VERILOG PATH ../../altera_xcvr_generic/sv/sv_xcvr_avmm_csr.sv
2017.06.27.13:54:47 Info: pcie: add_fileset_file ./sv_xcvr_avmm_dcd.sv SYSTEM_VERILOG PATH ../../altera_xcvr_generic/sv/sv_xcvr_avmm_dcd.sv
2017.06.27.13:54:47 Info: pcie: add_fileset_file ./sv_xcvr_avmm.sv SYSTEM_VERILOG PATH ../../altera_xcvr_generic/sv/sv_xcvr_avmm.sv
2017.06.27.13:54:47 Info: pcie: add_fileset_file ./sv_xcvr_data_adapter.sv SYSTEM_VERILOG PATH ../../altera_xcvr_generic/sv/sv_xcvr_data_adapter.sv
2017.06.27.13:54:47 Info: pcie: add_fileset_file ./sv_xcvr_native.sv SYSTEM_VERILOG PATH ../../altera_xcvr_generic/sv/sv_xcvr_native.sv
2017.06.27.13:54:47 Info: pcie: add_fileset_file ./sv_xcvr_plls.sv SYSTEM_VERILOG PATH ../../altera_xcvr_generic/sv/sv_xcvr_plls.sv
2017.06.27.13:54:47 Info: pcie: add_fileset_file ./alt_xcvr_resync.sv SYSTEM_VERILOG PATH ../../altera_xcvr_generic/ctrl/alt_xcvr_resync.sv
2017.06.27.13:54:47 Info: pcie: add_fileset_file ./sv_hssi_10g_rx_pcs_rbc.sv SYSTEM_VERILOG PATH ../../altera_xcvr_generic/sv/rbc/sv_hssi_10g_rx_pcs_rbc.sv
2017.06.27.13:54:47 Info: pcie: add_fileset_file ./sv_hssi_10g_tx_pcs_rbc.sv SYSTEM_VERILOG PATH ../../altera_xcvr_generic/sv/rbc/sv_hssi_10g_tx_pcs_rbc.sv
2017.06.27.13:54:47 Info: pcie: add_fileset_file ./sv_hssi_8g_rx_pcs_rbc.sv SYSTEM_VERILOG PATH ../../altera_xcvr_generic/sv/rbc/sv_hssi_8g_rx_pcs_rbc.sv
2017.06.27.13:54:47 Info: pcie: add_fileset_file ./sv_hssi_8g_tx_pcs_rbc.sv SYSTEM_VERILOG PATH ../../altera_xcvr_generic/sv/rbc/sv_hssi_8g_tx_pcs_rbc.sv
2017.06.27.13:54:47 Info: pcie: add_fileset_file ./sv_hssi_8g_pcs_aggregate_rbc.sv SYSTEM_VERILOG PATH ../../altera_xcvr_generic/sv/rbc/sv_hssi_8g_pcs_aggregate_rbc.sv
2017.06.27.13:54:47 Info: pcie: add_fileset_file ./sv_hssi_common_pcs_pma_interface_rbc.sv SYSTEM_VERILOG PATH ../../altera_xcvr_generic/sv/rbc/sv_hssi_common_pcs_pma_interface_rbc.sv
2017.06.27.13:54:47 Info: pcie: add_fileset_file ./sv_hssi_common_pld_pcs_interface_rbc.sv SYSTEM_VERILOG PATH ../../altera_xcvr_generic/sv/rbc/sv_hssi_common_pld_pcs_interface_rbc.sv
2017.06.27.13:54:47 Info: pcie: add_fileset_file ./sv_hssi_pipe_gen1_2_rbc.sv SYSTEM_VERILOG PATH ../../altera_xcvr_generic/sv/rbc/sv_hssi_pipe_gen1_2_rbc.sv
2017.06.27.13:54:47 Info: pcie: add_fileset_file ./sv_hssi_pipe_gen3_rbc.sv SYSTEM_VERILOG PATH ../../altera_xcvr_generic/sv/rbc/sv_hssi_pipe_gen3_rbc.sv
2017.06.27.13:54:47 Info: pcie: add_fileset_file ./sv_hssi_rx_pcs_pma_interface_rbc.sv SYSTEM_VERILOG PATH ../../altera_xcvr_generic/sv/rbc/sv_hssi_rx_pcs_pma_interface_rbc.sv
2017.06.27.13:54:47 Info: pcie: add_fileset_file ./sv_hssi_rx_pld_pcs_interface_rbc.sv SYSTEM_VERILOG PATH ../../altera_xcvr_generic/sv/rbc/sv_hssi_rx_pld_pcs_interface_rbc.sv
2017.06.27.13:54:47 Info: pcie: add_fileset_file ./sv_hssi_tx_pcs_pma_interface_rbc.sv SYSTEM_VERILOG PATH ../../altera_xcvr_generic/sv/rbc/sv_hssi_tx_pcs_pma_interface_rbc.sv
2017.06.27.13:54:47 Info: pcie: add_fileset_file ./sv_hssi_tx_pld_pcs_interface_rbc.sv SYSTEM_VERILOG PATH ../../altera_xcvr_generic/sv/rbc/sv_hssi_tx_pld_pcs_interface_rbc.sv
2017.06.27.13:54:47 Info: pcie: add_fileset_file ./sv_xcvr_emsip_adapter.sv SYSTEM_VERILOG PATH ../../altera_pcie_pipe/sv/sv_xcvr_emsip_adapter.sv
2017.06.27.13:54:47 Info: pcie: add_fileset_file ./sv_xcvr_pipe_native.sv SYSTEM_VERILOG PATH ../../altera_pcie_pipe/sv/sv_xcvr_pipe_native.sv
2017.06.27.13:54:47 Info: pcie: "acl_iface" instantiated altera_pcie_sv_hip_avmm "pcie"
2017.06.27.13:54:47 Info: ddr3a: "acl_iface" instantiated altera_mem_if_ddr3_emif "ddr3a"
2017.06.27.13:54:48 Info: ddr3b: "acl_iface" instantiated altera_mem_if_ddr3_emif "ddr3b"
2017.06.27.13:54:48 Info: clock_cross_dma_to_pcie: "acl_iface" instantiated altera_avalon_mm_clock_crossing_bridge "clock_cross_dma_to_pcie"
2017.06.27.13:54:48 Info: temperature_pll: "acl_iface" instantiated altera_pll "temperature_pll"
2017.06.27.13:54:48 Info: temperature_0: "acl_iface" instantiated temperature "temperature_0"
2017.06.27.13:54:49 Info: Inserting clock-crossing logic between cmd_demux.src2 and cmd_mux_002.sink0
2017.06.27.13:54:49 Info: Inserting clock-crossing logic between rsp_demux_002.src0 and rsp_mux.sink2
2017.06.27.13:54:50 Info: acl_kernel_clk: "acl_iface" instantiated acl_kernel_clk "acl_kernel_clk"
2017.06.27.13:54:50 Info: Interconnect is inserted between master address_span_extender_0.expanded_master and slave kernel_cra.s0 because the master has readdata signal 32 bit wide, but the slave is 64 bit wide.
2017.06.27.13:54:50 Info: Interconnect is inserted between master address_span_extender_0.expanded_master and slave kernel_cra.s0 because the master has writedata signal 32 bit wide, but the slave is 64 bit wide.
2017.06.27.13:54:50 Info: Interconnect is inserted between master address_span_extender_0.expanded_master and slave kernel_cra.s0 because the master has byteenable signal 4 bit wide, but the slave is 8 bit wide.
2017.06.27.13:54:50 Info: Inserting clock-crossing logic between cmd_demux.src0 and cmd_mux.sink0
2017.06.27.13:54:50 Info: Inserting clock-crossing logic between cmd_demux.src1 and cmd_mux_001.sink0
2017.06.27.13:54:50 Info: Inserting clock-crossing logic between rsp_demux.src0 and rsp_mux.sink0
2017.06.27.13:54:50 Info: Inserting clock-crossing logic between rsp_demux_001.src0 and rsp_mux.sink1
2017.06.27.13:54:52 Info: kernel_interface: "acl_iface" instantiated acl_kernel_interface "kernel_interface"
2017.06.27.13:54:53 Info: dma_0: "acl_iface" instantiated acl_dma "dma_0"
2017.06.27.13:54:53 Info: Interconnect is inserted between master bridge_0.m0 and slave em_pc_core_0.csr because the master has burstcount signal 1 bit wide, but the slave is 0 bit wide.
2017.06.27.13:54:53 Info: Interconnect is inserted between master bridge_0.m0 and slave em_pc_core_0.csr because the master has address signal 14 bit wide, but the slave is 12 bit wide.
2017.06.27.13:54:53 Info: Interconnect is inserted between master bridge_0.m0 and slave em_pc_core_0.csr because the master has debugaccess signal 1 bit wide, but the slave is 0 bit wide.
2017.06.27.13:54:53 Info: em_pc_0: "acl_iface" instantiated altera_avalon_em_pc "em_pc_0"
2017.06.27.13:54:54 Info: Interconnect is inserted between master pipe_stage_presplitter.m0 and slave mem_splitter_0.s because the master has address signal 32 bit wide, but the slave is 26 bit wide.
2017.06.27.13:54:54 Info: Interconnect is inserted between master pipe_stage_presplitter.m0 and slave mem_splitter_0.s because the master has debugaccess signal 1 bit wide, but the slave is 0 bit wide.
2017.06.27.13:54:54 Info: acl_memory_bank_divider_0: "acl_iface" instantiated acl_memory_bank_divider "acl_memory_bank_divider_0"
2017.06.27.13:54:54 Info: por_reset_counter: "acl_iface" instantiated sw_reset "por_reset_counter"
2017.06.27.13:54:54 Info: uniphy_status_0: "acl_iface" instantiated uniphy_status "uniphy_status_0"
2017.06.27.13:54:54 Info: version_id_0: "acl_iface" instantiated version_id "version_id_0"
2017.06.27.13:54:54 Info: mm_interconnect_0: "acl_iface" instantiated altera_mm_interconnect "mm_interconnect_0"
2017.06.27.13:54:54 Info: mm_interconnect_1: "acl_iface" instantiated altera_mm_interconnect "mm_interconnect_1"
2017.06.27.13:54:55 Info: avalon_st_adapter: Inserting error_adapter: error_adapter_0
2017.06.27.13:54:55 Info: avalon_st_adapter_001: Inserting error_adapter: error_adapter_0
2017.06.27.13:54:55 Info: avalon_st_adapter_002: Inserting error_adapter: error_adapter_0
2017.06.27.13:54:55 Info: avalon_st_adapter_003: Inserting error_adapter: error_adapter_0
2017.06.27.13:54:55 Info: avalon_st_adapter_004: Inserting error_adapter: error_adapter_0
2017.06.27.13:54:55 Info: avalon_st_adapter_005: Inserting error_adapter: error_adapter_0
2017.06.27.13:54:55 Info: avalon_st_adapter_006: Inserting error_adapter: error_adapter_0
2017.06.27.13:54:55 Info: avalon_st_adapter_007: Inserting error_adapter: error_adapter_0
2017.06.27.13:54:55 Info: avalon_st_adapter_008: Inserting error_adapter: error_adapter_0
2017.06.27.13:54:55 Info: avalon_st_adapter_009: Inserting error_adapter: error_adapter_0
2017.06.27.13:54:56 Info: mm_interconnect_2: "acl_iface" instantiated altera_mm_interconnect "mm_interconnect_2"
2017.06.27.13:54:56 Info: avalon_st_adapter: Inserting error_adapter: error_adapter_0
2017.06.27.13:54:56 Info: avalon_st_adapter_001: Inserting error_adapter: error_adapter_0
2017.06.27.13:54:56 Info: mm_interconnect_3: "acl_iface" instantiated altera_mm_interconnect "mm_interconnect_3"
2017.06.27.13:54:56 Info: avalon_st_adapter: Inserting error_adapter: error_adapter_0
2017.06.27.13:54:56 Info: mm_interconnect_5: "acl_iface" instantiated altera_mm_interconnect "mm_interconnect_5"
2017.06.27.13:54:57 Info: avalon_st_adapter: Inserting error_adapter: error_adapter_0
2017.06.27.13:54:57 Info: mm_interconnect_6: "acl_iface" instantiated altera_mm_interconnect "mm_interconnect_6"
2017.06.27.13:54:57 Info: avalon_st_adapter: Inserting error_adapter: error_adapter_0
2017.06.27.13:54:57 Info: mm_interconnect_7: "acl_iface" instantiated altera_mm_interconnect "mm_interconnect_7"
2017.06.27.13:54:57 Info: avalon_st_adapter: Inserting error_adapter: error_adapter_0
2017.06.27.13:54:57 Info: mm_interconnect_8: "acl_iface" instantiated altera_mm_interconnect "mm_interconnect_8"
2017.06.27.13:54:57 Info: avalon_st_adapter: Inserting error_adapter: error_adapter_0
2017.06.27.13:54:58 Info: mm_interconnect_9: "acl_iface" instantiated altera_mm_interconnect "mm_interconnect_9"
2017.06.27.13:54:58 Info: avalon_st_adapter: Inserting error_adapter: error_adapter_0
2017.06.27.13:54:58 Info: mm_interconnect_10: "acl_iface" instantiated altera_mm_interconnect "mm_interconnect_10"
2017.06.27.13:54:58 Info: mm_interconnect_12: "acl_iface" instantiated altera_mm_interconnect "mm_interconnect_12"
2017.06.27.13:54:58 Info: irq_mapper: "acl_iface" instantiated altera_irq_mapper "irq_mapper"
2017.06.27.13:54:58 Info: irq_synchronizer: "acl_iface" instantiated altera_irq_clock_crosser "irq_synchronizer"
2017.06.27.13:54:58 Info: net_system_avm_memgmem0_port_0_0_rw_translator: "mm_interconnect_0" instantiated altera_merlin_master_translator "net_system_avm_memgmem0_port_0_0_rw_translator"
2017.06.27.13:54:58 Info: acl_iface_kernel_mem0_translator: "mm_interconnect_0" instantiated altera_merlin_slave_translator "acl_iface_kernel_mem0_translator"
2017.06.27.13:54:59 Info: pll0: "ddr3a" instantiated altera_mem_if_ddr3_pll "pll0"
2017.06.27.13:54:59 Info: p0: Generating clock pair generator
2017.06.27.13:55:04 Info: p0: Generating system_acl_iface_ddr3a_p0_altdqdqs
2017.06.27.13:55:15 Info: p0: 
2017.06.27.13:55:15 Info: p0: *****************************
2017.06.27.13:55:15 Info: p0: 
2017.06.27.13:55:15 Info: p0: Remember to run the system_acl_iface_ddr3a_p0_pin_assignments.tcl
2017.06.27.13:55:15 Info: p0: script after running Synthesis and before Fitting.
2017.06.27.13:55:15 Info: p0: 
2017.06.27.13:55:15 Info: p0: *****************************
2017.06.27.13:55:15 Info: p0: 
2017.06.27.13:55:15 Info: p0: "ddr3a" instantiated altera_mem_if_ddr3_phy_core "p0"
2017.06.27.13:55:15 Info: m0: "ddr3a" instantiated altera_mem_if_ddr3_afi_mux "m0"
2017.06.27.13:55:23 Info: s0: Generating Qsys sequencer system
2017.06.27.13:55:35 Info: s0: QSYS sequencer system generated successfully
2017.06.27.13:55:45 Info: s0: "ddr3a" instantiated altera_mem_if_ddr3_qseq "s0"
2017.06.27.13:55:45 Info: Reusing file /home/zach/project/inc/caffe-fpga-opencl-v2/kernels/net/bin/net/system/synthesis/submodules/altera_merlin_slave_translator.sv
2017.06.27.13:55:45 Info: Reusing file /home/zach/project/inc/caffe-fpga-opencl-v2/kernels/net/bin/net/system/synthesis/submodules/altera_merlin_master_translator.sv
2017.06.27.13:55:45 Info: c0: "ddr3a" instantiated altera_mem_if_nextgen_ddr3_controller "c0"
2017.06.27.13:55:45 Info: oct0: "ddr3a" instantiated altera_mem_if_oct "oct0"
2017.06.27.13:55:45 Info: dll0: "ddr3a" instantiated altera_mem_if_dll "dll0"
2017.06.27.13:55:46 Info: pll0: "ddr3b" instantiated altera_mem_if_ddr3_pll "pll0"
2017.06.27.13:55:46 Info: p0: Generating clock pair generator
2017.06.27.13:55:50 Info: p0: Generating system_acl_iface_ddr3b_p0_altdqdqs
2017.06.27.13:56:03 Info: p0: 
2017.06.27.13:56:03 Info: p0: *****************************
2017.06.27.13:56:03 Info: p0: 
2017.06.27.13:56:03 Info: p0: Remember to run the system_acl_iface_ddr3b_p0_pin_assignments.tcl
2017.06.27.13:56:03 Info: p0: script after running Synthesis and before Fitting.
2017.06.27.13:56:03 Info: p0: 
2017.06.27.13:56:03 Info: p0: *****************************
2017.06.27.13:56:03 Info: p0: 
2017.06.27.13:56:03 Info: p0: "ddr3b" instantiated altera_mem_if_ddr3_phy_core "p0"
2017.06.27.13:56:03 Info: Reusing file /home/zach/project/inc/caffe-fpga-opencl-v2/kernels/net/bin/net/system/synthesis/submodules/altdq_dqs2_stratixv.sv
2017.06.27.13:56:12 Info: s0: Generating Qsys sequencer system
2017.06.27.13:56:22 Info: s0: QSYS sequencer system generated successfully
2017.06.27.13:56:32 Info: s0: "ddr3b" instantiated altera_mem_if_ddr3_qseq "s0"
2017.06.27.13:56:32 Info: Reusing file /home/zach/project/inc/caffe-fpga-opencl-v2/kernels/net/bin/net/system/synthesis/submodules/altera_mem_if_sequencer_cpu_no_ifdef_params_synth_cpu_inst.v
2017.06.27.13:56:32 Info: Reusing file /home/zach/project/inc/caffe-fpga-opencl-v2/kernels/net/bin/net/system/synthesis/submodules/altera_mem_if_sequencer_rst.sv
2017.06.27.13:56:32 Info: Reusing file /home/zach/project/inc/caffe-fpga-opencl-v2/kernels/net/bin/net/system/synthesis/submodules/altera_merlin_burst_uncompressor.sv
2017.06.27.13:56:32 Info: Reusing file /home/zach/project/inc/caffe-fpga-opencl-v2/kernels/net/bin/net/system/synthesis/submodules/altera_merlin_slave_translator.sv
2017.06.27.13:56:32 Info: Reusing file /home/zach/project/inc/caffe-fpga-opencl-v2/kernels/net/bin/net/system/synthesis/submodules/rw_manager_write_decoder.v
2017.06.27.13:56:32 Info: Reusing file /home/zach/project/inc/caffe-fpga-opencl-v2/kernels/net/bin/net/system/synthesis/submodules/rw_manager_dm_decoder.v
2017.06.27.13:56:32 Info: Reusing file /home/zach/project/inc/caffe-fpga-opencl-v2/kernels/net/bin/net/system/synthesis/submodules/altera_mem_if_sequencer_mem_no_ifdef_params.sv
2017.06.27.13:56:32 Info: Reusing file /home/zach/project/inc/caffe-fpga-opencl-v2/kernels/net/bin/net/system/synthesis/submodules/rw_manager_di_buffer.v
2017.06.27.13:56:32 Info: Reusing file /home/zach/project/inc/caffe-fpga-opencl-v2/kernels/net/bin/net/system/synthesis/submodules/sequencer_scc_acv_phase_decode.v
2017.06.27.13:56:32 Info: Reusing file /home/zach/project/inc/caffe-fpga-opencl-v2/kernels/net/bin/net/system/synthesis/submodules/altera_merlin_master_agent.sv
2017.06.27.13:56:32 Info: Reusing file /home/zach/project/inc/caffe-fpga-opencl-v2/kernels/net/bin/net/system/synthesis/submodules/sequencer_scc_reg_file.v
2017.06.27.13:56:32 Info: Reusing file /home/zach/project/inc/caffe-fpga-opencl-v2/kernels/net/bin/net/system/synthesis/submodules/sequencer_reg_file.sv
2017.06.27.13:56:32 Info: Reusing file /home/zach/project/inc/caffe-fpga-opencl-v2/kernels/net/bin/net/system/synthesis/submodules/rw_manager_inst_ROM_reg.v
2017.06.27.13:56:32 Info: Reusing file /home/zach/project/inc/caffe-fpga-opencl-v2/kernels/net/bin/net/system/synthesis/submodules/rw_manager_lfsr36.v
2017.06.27.13:56:32 Info: Reusing file /home/zach/project/inc/caffe-fpga-opencl-v2/kernels/net/bin/net/system/synthesis/submodules/sequencer_scc_sv_wrapper.sv
2017.06.27.13:56:32 Info: Reusing file /home/zach/project/inc/caffe-fpga-opencl-v2/kernels/net/bin/net/system/synthesis/submodules/rw_manager_ac_ROM_no_ifdef_params.v
2017.06.27.13:56:32 Info: Reusing file /home/zach/project/inc/caffe-fpga-opencl-v2/kernels/net/bin/net/system/synthesis/submodules/rw_manager_read_datapath.v
2017.06.27.13:56:32 Info: Reusing file /home/zach/project/inc/caffe-fpga-opencl-v2/kernels/net/bin/net/system/synthesis/submodules/rw_manager_lfsr72.v
2017.06.27.13:56:32 Info: Reusing file /home/zach/project/inc/caffe-fpga-opencl-v2/kernels/net/bin/net/system/synthesis/submodules/rw_manager_ram.v
2017.06.27.13:56:32 Info: Reusing file /home/zach/project/inc/caffe-fpga-opencl-v2/kernels/net/bin/net/system/synthesis/submodules/altera_avalon_sc_fifo.v
2017.06.27.13:56:32 Info: Reusing file /home/zach/project/inc/caffe-fpga-opencl-v2/kernels/net/bin/net/system/synthesis/submodules/rw_manager_bitcheck.v
2017.06.27.13:56:32 Info: Reusing file /home/zach/project/inc/caffe-fpga-opencl-v2/kernels/net/bin/net/system/synthesis/submodules/rw_manager_data_decoder.v
2017.06.27.13:56:32 Info: Reusing file /home/zach/project/inc/caffe-fpga-opencl-v2/kernels/net/bin/net/system/synthesis/submodules/altera_merlin_master_translator.sv
2017.06.27.13:56:32 Info: Reusing file /home/zach/project/inc/caffe-fpga-opencl-v2/kernels/net/bin/net/system/synthesis/submodules/rw_manager_datamux.v
2017.06.27.13:56:32 Info: Reusing file /home/zach/project/inc/caffe-fpga-opencl-v2/kernels/net/bin/net/system/synthesis/submodules/sequencer_scc_sv_phase_decode.v
2017.06.27.13:56:32 Info: Reusing file /home/zach/project/inc/caffe-fpga-opencl-v2/kernels/net/bin/net/system/synthesis/submodules/rw_manager_ddr3.v
2017.06.27.13:56:32 Info: Reusing file /home/zach/project/inc/caffe-fpga-opencl-v2/kernels/net/bin/net/system/synthesis/submodules/sequencer_scc_siii_wrapper.sv
2017.06.27.13:56:32 Info: Reusing file /home/zach/project/inc/caffe-fpga-opencl-v2/kernels/net/bin/net/system/synthesis/submodules/sequencer_data_mgr.sv
2017.06.27.13:56:32 Info: Reusing file /home/zach/project/inc/caffe-fpga-opencl-v2/kernels/net/bin/net/system/synthesis/submodules/sequencer_scc_siii_phase_decode.v
2017.06.27.13:56:32 Info: Reusing file /home/zach/project/inc/caffe-fpga-opencl-v2/kernels/net/bin/net/system/synthesis/submodules/altera_merlin_slave_agent.sv
2017.06.27.13:56:32 Info: Reusing file /home/zach/project/inc/caffe-fpga-opencl-v2/kernels/net/bin/net/system/synthesis/submodules/sequencer_scc_mgr.sv
2017.06.27.13:56:32 Info: Reusing file /home/zach/project/inc/caffe-fpga-opencl-v2/kernels/net/bin/net/system/synthesis/submodules/rw_manager_pattern_fifo.v
2017.06.27.13:56:32 Info: Reusing file /home/zach/project/inc/caffe-fpga-opencl-v2/kernels/net/bin/net/system/synthesis/submodules/rw_manager_data_broadcast.v
2017.06.27.13:56:32 Info: Reusing file /home/zach/project/inc/caffe-fpga-opencl-v2/kernels/net/bin/net/system/synthesis/submodules/rw_manager_di_buffer_wrap.v
2017.06.27.13:56:32 Info: Reusing file /home/zach/project/inc/caffe-fpga-opencl-v2/kernels/net/bin/net/system/synthesis/submodules/rw_manager_inst_ROM_no_ifdef_params.v
2017.06.27.13:56:32 Info: Reusing file /home/zach/project/inc/caffe-fpga-opencl-v2/kernels/net/bin/net/system/synthesis/submodules/sequencer_phy_mgr.sv
2017.06.27.13:56:32 Info: Reusing file /home/zach/project/inc/caffe-fpga-opencl-v2/kernels/net/bin/net/system/synthesis/submodules/sequencer_scc_acv_wrapper.sv
2017.06.27.13:56:32 Info: Reusing file /home/zach/project/inc/caffe-fpga-opencl-v2/kernels/net/bin/net/system/synthesis/submodules/rw_manager_ram_csr.v
2017.06.27.13:56:32 Info: Reusing file /home/zach/project/inc/caffe-fpga-opencl-v2/kernels/net/bin/net/system/synthesis/submodules/altera_mem_if_sequencer_cpu_no_ifdef_params_synth_cpu_inst_test_bench.v
2017.06.27.13:56:32 Info: Reusing file /home/zach/project/inc/caffe-fpga-opencl-v2/kernels/net/bin/net/system/synthesis/submodules/rw_manager_core.sv
2017.06.27.13:56:32 Info: Reusing file /home/zach/project/inc/caffe-fpga-opencl-v2/kernels/net/bin/net/system/synthesis/submodules/altera_merlin_arbitrator.sv
2017.06.27.13:56:32 Info: Reusing file /home/zach/project/inc/caffe-fpga-opencl-v2/kernels/net/bin/net/system/synthesis/submodules/rw_manager_lfsr12.v
2017.06.27.13:56:32 Info: Reusing file /home/zach/project/inc/caffe-fpga-opencl-v2/kernels/net/bin/net/system/synthesis/submodules/rw_manager_ac_ROM_reg.v
2017.06.27.13:56:32 Info: Reusing file /home/zach/project/inc/caffe-fpga-opencl-v2/kernels/net/bin/net/system/synthesis/submodules/rw_manager_jumplogic.v
2017.06.27.13:56:32 Info: Reusing file /home/zach/project/inc/caffe-fpga-opencl-v2/kernels/net/bin/net/system/synthesis/submodules/rw_manager_generic.sv
2017.06.27.13:56:32 Info: kernel_pll: "acl_kernel_clk" instantiated altera_pll "kernel_pll"
2017.06.27.13:56:32 Warning: quartus_synth: A Duplicate file was overwritten with path: altera_pll_reconfig_top.v
2017.06.27.13:56:32 Info: pll_reconfig_0: "acl_kernel_clk" instantiated altera_pll_reconfig "pll_reconfig_0"
2017.06.27.13:56:32 Info: counter: "acl_kernel_clk" instantiated acl_timer "counter"
2017.06.27.13:56:32 Info: global_routing_kernel_clk: "acl_kernel_clk" instantiated global_routing_clk "global_routing_kernel_clk"
2017.06.27.13:56:32 Info: pll_lock_avs_0: "acl_kernel_clk" instantiated pll_lock_avs "pll_lock_avs_0"
2017.06.27.13:56:32 Info: pll_rom: Starting RTL generation for module 'system_acl_iface_acl_kernel_clk_pll_rom'
2017.06.27.13:56:32 Info: pll_rom:   Generation command is [exec /opt/intelFPGA/16.1/quartus/linux64/perl/bin/perl -I /opt/intelFPGA/16.1/quartus/linux64/perl/lib -I /opt/intelFPGA/16.1/quartus/sopc_builder/bin/europa -I /opt/intelFPGA/16.1/quartus/sopc_builder/bin/perl_lib -I /opt/intelFPGA/16.1/quartus/sopc_builder/bin -I /opt/intelFPGA/16.1/quartus/../ip/altera/sopc_builder_ip/common -I /opt/intelFPGA/16.1/quartus/../ip/altera/sopc_builder_ip/altera_avalon_onchip_memory2 -- /opt/intelFPGA/16.1/quartus/../ip/altera/sopc_builder_ip/altera_avalon_onchip_memory2/generate_rtl.pl --name=system_acl_iface_acl_kernel_clk_pll_rom --dir=/tmp/alt7344_4200891053888562491.dir/0026_pll_rom_gen/ --quartus_dir=/opt/intelFPGA/16.1/quartus --verilog --config=/tmp/alt7344_4200891053888562491.dir/0026_pll_rom_gen//system_acl_iface_acl_kernel_clk_pll_rom_component_configuration.pl  --do_build_sim=0  ]
2017.06.27.13:56:32 Info: pll_rom: Done RTL generation for module 'system_acl_iface_acl_kernel_clk_pll_rom'
2017.06.27.13:56:32 Info: pll_rom: "acl_kernel_clk" instantiated altera_avalon_onchip_memory2 "pll_rom"
2017.06.27.13:56:32 Info: avalon_st_adapter: Inserting error_adapter: error_adapter_0
2017.06.27.13:56:32 Info: avalon_st_adapter_001: Inserting error_adapter: error_adapter_0
2017.06.27.13:56:32 Info: avalon_st_adapter_002: Inserting error_adapter: error_adapter_0
2017.06.27.13:56:32 Info: avalon_st_adapter_003: Inserting error_adapter: error_adapter_0
2017.06.27.13:56:32 Info: avalon_st_adapter_004: Inserting error_adapter: error_adapter_0
2017.06.27.13:56:32 Info: avalon_st_adapter_005: Inserting error_adapter: error_adapter_0
2017.06.27.13:56:33 Info: mm_interconnect_0: "acl_kernel_clk" instantiated altera_mm_interconnect "mm_interconnect_0"
2017.06.27.13:56:33 Info: address_span_extender_0: "kernel_interface" instantiated altera_address_span_extender "address_span_extender_0"
2017.06.27.13:56:33 Info: mem_org_mode: "kernel_interface" instantiated mem_org_mode "mem_org_mode"
2017.06.27.13:56:33 Info: irq_bridge_0: "kernel_interface" instantiated altera_irq_bridge "irq_bridge_0"
2017.06.27.13:56:33 Info: sys_description_rom: Starting RTL generation for module 'system_acl_iface_kernel_interface_sys_description_rom'
2017.06.27.13:56:33 Info: sys_description_rom:   Generation command is [exec /opt/intelFPGA/16.1/quartus/linux64/perl/bin/perl -I /opt/intelFPGA/16.1/quartus/linux64/perl/lib -I /opt/intelFPGA/16.1/quartus/sopc_builder/bin/europa -I /opt/intelFPGA/16.1/quartus/sopc_builder/bin/perl_lib -I /opt/intelFPGA/16.1/quartus/sopc_builder/bin -I /opt/intelFPGA/16.1/quartus/../ip/altera/sopc_builder_ip/common -I /opt/intelFPGA/16.1/quartus/../ip/altera/sopc_builder_ip/altera_avalon_onchip_memory2 -- /opt/intelFPGA/16.1/quartus/../ip/altera/sopc_builder_ip/altera_avalon_onchip_memory2/generate_rtl.pl --name=system_acl_iface_kernel_interface_sys_description_rom --dir=/tmp/alt7344_4200891053888562491.dir/0029_sys_description_rom_gen/ --quartus_dir=/opt/intelFPGA/16.1/quartus --verilog --config=/tmp/alt7344_4200891053888562491.dir/0029_sys_description_rom_gen//system_acl_iface_kernel_interface_sys_description_rom_component_configuration.pl  --do_build_sim=0  ]
2017.06.27.13:56:33 Info: sys_description_rom: Done RTL generation for module 'system_acl_iface_kernel_interface_sys_description_rom'
2017.06.27.13:56:33 Info: sys_description_rom: "kernel_interface" instantiated altera_avalon_onchip_memory2 "sys_description_rom"
2017.06.27.13:56:33 Info: avalon_st_adapter: Inserting error_adapter: error_adapter_0
2017.06.27.13:56:33 Info: mm_interconnect_0: "kernel_interface" instantiated altera_mm_interconnect "mm_interconnect_0"
2017.06.27.13:56:34 Info: avalon_st_adapter: Inserting error_adapter: error_adapter_0
2017.06.27.13:56:34 Info: avalon_st_adapter_001: Inserting error_adapter: error_adapter_0
2017.06.27.13:56:34 Info: avalon_st_adapter_002: Inserting error_adapter: error_adapter_0
2017.06.27.13:56:34 Info: avalon_st_adapter_003: Inserting error_adapter: error_adapter_0
2017.06.27.13:56:34 Info: avalon_st_adapter_004: Inserting error_adapter: error_adapter_0
2017.06.27.13:56:34 Info: avalon_st_adapter_005: Inserting error_adapter: error_adapter_0
2017.06.27.13:56:34 Info: mm_interconnect_1: "kernel_interface" instantiated altera_mm_interconnect "mm_interconnect_1"
2017.06.27.13:56:35 Info: dma: "dma_0" instantiated acl_dma_core "dma"
2017.06.27.13:56:35 Info: mm_interconnect_0: "dma_0" instantiated altera_mm_interconnect "mm_interconnect_0"
2017.06.27.13:56:35 Info: avalon_st_adapter: Inserting error_adapter: error_adapter_0
2017.06.27.13:56:35 Info: mm_interconnect_1: "dma_0" instantiated altera_mm_interconnect "mm_interconnect_1"
2017.06.27.13:56:35 Info: avalon_st_adapter: Inserting error_adapter: error_adapter_0
2017.06.27.13:56:35 Info: avalon_st_adapter_001: Inserting error_adapter: error_adapter_0
2017.06.27.13:56:36 Info: avalon_st_adapter_002: Inserting error_adapter: error_adapter_0
2017.06.27.13:56:36 Info: mm_interconnect_2: "dma_0" instantiated altera_mm_interconnect "mm_interconnect_2"
2017.06.27.13:56:36 Info: em_pc_core_0: "em_pc_0" instantiated altera_avalon_em_pc_core "em_pc_core_0"
2017.06.27.13:56:36 Info: mm_interconnect_0: "em_pc_0" instantiated altera_mm_interconnect "mm_interconnect_0"
2017.06.27.13:56:38 Info: acl_snoop_adapter_0: "acl_memory_bank_divider_0" instantiated acl_snoop_adapter "acl_snoop_adapter_0"
2017.06.27.13:56:38 Info: mem_splitter_0: "acl_memory_bank_divider_0" instantiated mem_splitter "mem_splitter_0"
2017.06.27.13:56:39 Info: mm_interconnect_0: "acl_memory_bank_divider_0" instantiated altera_mm_interconnect "mm_interconnect_0"
2017.06.27.13:56:39 Info: mm_interconnect_1: "acl_memory_bank_divider_0" instantiated altera_mm_interconnect "mm_interconnect_1"
2017.06.27.13:56:39 Info: pipe_stage_host_ctrl_m0_agent: "mm_interconnect_2" instantiated altera_merlin_master_agent "pipe_stage_host_ctrl_m0_agent"
2017.06.27.13:56:39 Info: Reusing file /home/zach/project/inc/caffe-fpga-opencl-v2/kernels/net/bin/net/system/synthesis/submodules/altera_merlin_master_agent.sv
2017.06.27.13:56:39 Info: temperature_0_s_agent: "mm_interconnect_2" instantiated altera_merlin_slave_agent "temperature_0_s_agent"
2017.06.27.13:56:39 Info: Reusing file /home/zach/project/inc/caffe-fpga-opencl-v2/kernels/net/bin/net/system/synthesis/submodules/altera_merlin_slave_agent.sv
2017.06.27.13:56:39 Info: Reusing file /home/zach/project/inc/caffe-fpga-opencl-v2/kernels/net/bin/net/system/synthesis/submodules/altera_merlin_burst_uncompressor.sv
2017.06.27.13:56:39 Info: temperature_0_s_agent_rsp_fifo: "mm_interconnect_2" instantiated altera_avalon_sc_fifo "temperature_0_s_agent_rsp_fifo"
2017.06.27.13:56:39 Info: Reusing file /home/zach/project/inc/caffe-fpga-opencl-v2/kernels/net/bin/net/system/synthesis/submodules/altera_avalon_sc_fifo.v
2017.06.27.13:56:39 Info: router: "mm_interconnect_2" instantiated altera_merlin_router "router"
2017.06.27.13:56:39 Info: router_001: "mm_interconnect_2" instantiated altera_merlin_router "router_001"
2017.06.27.13:56:39 Info: router_004: "mm_interconnect_2" instantiated altera_merlin_router "router_004"
2017.06.27.13:56:39 Info: router_008: "mm_interconnect_2" instantiated altera_merlin_router "router_008"
2017.06.27.13:56:39 Info: pipe_stage_host_ctrl_m0_limiter: "mm_interconnect_2" instantiated altera_merlin_traffic_limiter "pipe_stage_host_ctrl_m0_limiter"
2017.06.27.13:56:39 Info: Reusing file /home/zach/project/inc/caffe-fpga-opencl-v2/kernels/net/bin/net/system/synthesis/submodules/altera_avalon_sc_fifo.v
2017.06.27.13:56:39 Info: cmd_demux: "mm_interconnect_2" instantiated altera_merlin_demultiplexer "cmd_demux"
2017.06.27.13:56:39 Info: cmd_mux: "mm_interconnect_2" instantiated altera_merlin_multiplexer "cmd_mux"
2017.06.27.13:56:39 Info: Reusing file /home/zach/project/inc/caffe-fpga-opencl-v2/kernels/net/bin/net/system/synthesis/submodules/altera_merlin_arbitrator.sv
2017.06.27.13:56:39 Info: rsp_demux: "mm_interconnect_2" instantiated altera_merlin_demultiplexer "rsp_demux"
2017.06.27.13:56:39 Info: rsp_demux_001: "mm_interconnect_2" instantiated altera_merlin_demultiplexer "rsp_demux_001"
2017.06.27.13:56:39 Info: rsp_demux_002: "mm_interconnect_2" instantiated altera_merlin_demultiplexer "rsp_demux_002"
2017.06.27.13:56:39 Info: rsp_demux_003: "mm_interconnect_2" instantiated altera_merlin_demultiplexer "rsp_demux_003"
2017.06.27.13:56:39 Info: rsp_mux: "mm_interconnect_2" instantiated altera_merlin_multiplexer "rsp_mux"
2017.06.27.13:56:39 Info: Reusing file /home/zach/project/inc/caffe-fpga-opencl-v2/kernels/net/bin/net/system/synthesis/submodules/altera_merlin_arbitrator.sv
2017.06.27.13:56:39 Info: dma_0_csr_cmd_width_adapter: "mm_interconnect_2" instantiated altera_merlin_width_adapter "dma_0_csr_cmd_width_adapter"
2017.06.27.13:56:39 Info: Reusing file /home/zach/project/inc/caffe-fpga-opencl-v2/kernels/net/bin/net/system/synthesis/submodules/altera_merlin_burst_uncompressor.sv
2017.06.27.13:56:39 Info: crosser: "mm_interconnect_2" instantiated altera_avalon_st_handshake_clock_crosser "crosser"
2017.06.27.13:56:39 Info: Reusing file /home/zach/project/inc/caffe-fpga-opencl-v2/kernels/net/bin/net/system/synthesis/submodules/altera_avalon_st_pipeline_base.v
2017.06.27.13:56:39 Info: Reusing file /home/zach/project/inc/caffe-fpga-opencl-v2/kernels/net/bin/net/system/synthesis/submodules/altera_std_synchronizer_nocut.v
2017.06.27.13:56:39 Info: limiter_pipeline: "mm_interconnect_2" instantiated altera_avalon_st_pipeline_stage "limiter_pipeline"
2017.06.27.13:56:39 Info: Reusing file /home/zach/project/inc/caffe-fpga-opencl-v2/kernels/net/bin/net/system/synthesis/submodules/altera_avalon_st_pipeline_base.v
2017.06.27.13:56:39 Info: avalon_st_adapter: "mm_interconnect_2" instantiated altera_avalon_st_adapter "avalon_st_adapter"
2017.06.27.13:56:39 Info: avalon_st_adapter_003: "mm_interconnect_2" instantiated altera_avalon_st_adapter "avalon_st_adapter_003"
2017.06.27.13:56:39 Info: avalon_st_adapter_007: "mm_interconnect_2" instantiated altera_avalon_st_adapter "avalon_st_adapter_007"
2017.06.27.13:56:39 Info: router: "mm_interconnect_3" instantiated altera_merlin_router "router"
2017.06.27.13:56:39 Info: router_001: "mm_interconnect_3" instantiated altera_merlin_router "router_001"
2017.06.27.13:56:39 Info: cmd_demux: "mm_interconnect_3" instantiated altera_merlin_demultiplexer "cmd_demux"
2017.06.27.13:56:39 Info: cmd_mux: "mm_interconnect_3" instantiated altera_merlin_multiplexer "cmd_mux"
2017.06.27.13:56:39 Info: Reusing file /home/zach/project/inc/caffe-fpga-opencl-v2/kernels/net/bin/net/system/synthesis/submodules/altera_merlin_arbitrator.sv
2017.06.27.13:56:39 Info: rsp_demux: "mm_interconnect_3" instantiated altera_merlin_demultiplexer "rsp_demux"
2017.06.27.13:56:39 Info: rsp_mux: "mm_interconnect_3" instantiated altera_merlin_multiplexer "rsp_mux"
2017.06.27.13:56:39 Info: Reusing file /home/zach/project/inc/caffe-fpga-opencl-v2/kernels/net/bin/net/system/synthesis/submodules/altera_merlin_arbitrator.sv
2017.06.27.13:56:39 Info: router: "mm_interconnect_5" instantiated altera_merlin_router "router"
2017.06.27.13:56:39 Info: router_001: "mm_interconnect_5" instantiated altera_merlin_router "router_001"
2017.06.27.13:56:39 Info: em_pc_0_avl_in_burst_adapter: "mm_interconnect_5" instantiated altera_merlin_burst_adapter "em_pc_0_avl_in_burst_adapter"
2017.06.27.13:56:39 Info: Reusing file /home/zach/project/inc/caffe-fpga-opencl-v2/kernels/net/bin/net/system/synthesis/submodules/altera_merlin_address_alignment.sv
2017.06.27.13:56:39 Info: Reusing file /home/zach/project/inc/caffe-fpga-opencl-v2/kernels/net/bin/net/system/synthesis/submodules/altera_avalon_st_pipeline_stage.sv
2017.06.27.13:56:39 Info: Reusing file /home/zach/project/inc/caffe-fpga-opencl-v2/kernels/net/bin/net/system/synthesis/submodules/altera_avalon_st_pipeline_base.v
2017.06.27.13:56:39 Info: cmd_demux: "mm_interconnect_5" instantiated altera_merlin_demultiplexer "cmd_demux"
2017.06.27.13:56:39 Info: cmd_mux: "mm_interconnect_5" instantiated altera_merlin_multiplexer "cmd_mux"
2017.06.27.13:56:39 Info: Reusing file /home/zach/project/inc/caffe-fpga-opencl-v2/kernels/net/bin/net/system/synthesis/submodules/altera_merlin_arbitrator.sv
2017.06.27.13:56:39 Info: rsp_mux: "mm_interconnect_5" instantiated altera_merlin_multiplexer "rsp_mux"
2017.06.27.13:56:39 Info: Reusing file /home/zach/project/inc/caffe-fpga-opencl-v2/kernels/net/bin/net/system/synthesis/submodules/altera_merlin_arbitrator.sv
2017.06.27.13:56:39 Info: router: "mm_interconnect_6" instantiated altera_merlin_router "router"
2017.06.27.13:56:39 Info: router_002: "mm_interconnect_6" instantiated altera_merlin_router "router_002"
2017.06.27.13:56:39 Info: cmd_demux: "mm_interconnect_6" instantiated altera_merlin_demultiplexer "cmd_demux"
2017.06.27.13:56:39 Info: cmd_mux: "mm_interconnect_6" instantiated altera_merlin_multiplexer "cmd_mux"
2017.06.27.13:56:39 Info: Reusing file /home/zach/project/inc/caffe-fpga-opencl-v2/kernels/net/bin/net/system/synthesis/submodules/altera_merlin_arbitrator.sv
2017.06.27.13:56:39 Info: rsp_demux: "mm_interconnect_6" instantiated altera_merlin_demultiplexer "rsp_demux"
2017.06.27.13:56:39 Info: rsp_mux: "mm_interconnect_6" instantiated altera_merlin_multiplexer "rsp_mux"
2017.06.27.13:56:39 Info: Reusing file /home/zach/project/inc/caffe-fpga-opencl-v2/kernels/net/bin/net/system/synthesis/submodules/altera_merlin_arbitrator.sv
2017.06.27.13:56:39 Info: router: "mm_interconnect_8" instantiated altera_merlin_router "router"
2017.06.27.13:56:39 Info: router_001: "mm_interconnect_8" instantiated altera_merlin_router "router_001"
2017.06.27.13:56:39 Info: cmd_demux: "mm_interconnect_8" instantiated altera_merlin_demultiplexer "cmd_demux"
2017.06.27.13:56:39 Info: cmd_mux: "mm_interconnect_8" instantiated altera_merlin_multiplexer "cmd_mux"
2017.06.27.13:56:39 Info: Reusing file /home/zach/project/inc/caffe-fpga-opencl-v2/kernels/net/bin/net/system/synthesis/submodules/altera_merlin_arbitrator.sv
2017.06.27.13:56:39 Info: rsp_mux: "mm_interconnect_8" instantiated altera_merlin_multiplexer "rsp_mux"
2017.06.27.13:56:39 Info: Reusing file /home/zach/project/inc/caffe-fpga-opencl-v2/kernels/net/bin/net/system/synthesis/submodules/altera_merlin_arbitrator.sv
2017.06.27.13:56:39 Info: router: "mm_interconnect_9" instantiated altera_merlin_router "router"
2017.06.27.13:56:39 Info: router_001: "mm_interconnect_9" instantiated altera_merlin_router "router_001"
2017.06.27.13:56:39 Info: cmd_demux: "mm_interconnect_9" instantiated altera_merlin_demultiplexer "cmd_demux"
2017.06.27.13:56:39 Info: cmd_mux: "mm_interconnect_9" instantiated altera_merlin_multiplexer "cmd_mux"
2017.06.27.13:56:39 Info: Reusing file /home/zach/project/inc/caffe-fpga-opencl-v2/kernels/net/bin/net/system/synthesis/submodules/altera_merlin_arbitrator.sv
2017.06.27.13:56:39 Info: rsp_mux: "mm_interconnect_9" instantiated altera_merlin_multiplexer "rsp_mux"
2017.06.27.13:56:39 Info: Reusing file /home/zach/project/inc/caffe-fpga-opencl-v2/kernels/net/bin/net/system/synthesis/submodules/altera_merlin_arbitrator.sv
2017.06.27.13:56:39 Info: avalon_st_adapter: "mm_interconnect_9" instantiated altera_avalon_st_adapter "avalon_st_adapter"
2017.06.27.13:56:39 Info: ng0: "c0" instantiated altera_mem_if_nextgen_ddr3_controller_core "ng0"
2017.06.27.13:56:39 Info: a0: "c0" instantiated alt_mem_ddrx_mm_st_converter "a0"
2017.06.27.13:56:39 Info: router: "mm_interconnect_0" instantiated altera_merlin_router "router"
2017.06.27.13:56:39 Info: router_001: "mm_interconnect_0" instantiated altera_merlin_router "router_001"
2017.06.27.13:56:39 Info: cmd_demux: "mm_interconnect_0" instantiated altera_merlin_demultiplexer "cmd_demux"
2017.06.27.13:56:39 Info: cmd_mux: "mm_interconnect_0" instantiated altera_merlin_multiplexer "cmd_mux"
2017.06.27.13:56:39 Info: Reusing file /home/zach/project/inc/caffe-fpga-opencl-v2/kernels/net/bin/net/system/synthesis/submodules/altera_merlin_arbitrator.sv
2017.06.27.13:56:39 Info: rsp_demux: "mm_interconnect_0" instantiated altera_merlin_demultiplexer "rsp_demux"
2017.06.27.13:56:39 Info: rsp_demux_002: "mm_interconnect_0" instantiated altera_merlin_demultiplexer "rsp_demux_002"
2017.06.27.13:56:39 Info: rsp_mux: "mm_interconnect_0" instantiated altera_merlin_multiplexer "rsp_mux"
2017.06.27.13:56:39 Info: Reusing file /home/zach/project/inc/caffe-fpga-opencl-v2/kernels/net/bin/net/system/synthesis/submodules/altera_merlin_arbitrator.sv
2017.06.27.13:56:39 Info: router: "mm_interconnect_0" instantiated altera_merlin_router "router"
2017.06.27.13:56:39 Info: router_001: "mm_interconnect_0" instantiated altera_merlin_router "router_001"
2017.06.27.13:56:39 Info: cmd_demux: "mm_interconnect_0" instantiated altera_merlin_demultiplexer "cmd_demux"
2017.06.27.13:56:39 Info: cmd_mux: "mm_interconnect_0" instantiated altera_merlin_multiplexer "cmd_mux"
2017.06.27.13:56:39 Info: Reusing file /home/zach/project/inc/caffe-fpga-opencl-v2/kernels/net/bin/net/system/synthesis/submodules/altera_merlin_arbitrator.sv
2017.06.27.13:56:39 Info: rsp_mux: "mm_interconnect_0" instantiated altera_merlin_multiplexer "rsp_mux"
2017.06.27.13:56:39 Info: Reusing file /home/zach/project/inc/caffe-fpga-opencl-v2/kernels/net/bin/net/system/synthesis/submodules/altera_merlin_arbitrator.sv
2017.06.27.13:56:39 Info: router: "mm_interconnect_1" instantiated altera_merlin_router "router"
2017.06.27.13:56:39 Info: router_001: "mm_interconnect_1" instantiated altera_merlin_router "router_001"
2017.06.27.13:56:39 Info: router_002: "mm_interconnect_1" instantiated altera_merlin_router "router_002"
2017.06.27.13:56:39 Info: cmd_demux: "mm_interconnect_1" instantiated altera_merlin_demultiplexer "cmd_demux"
2017.06.27.13:56:39 Info: cmd_mux: "mm_interconnect_1" instantiated altera_merlin_multiplexer "cmd_mux"
2017.06.27.13:56:39 Info: Reusing file /home/zach/project/inc/caffe-fpga-opencl-v2/kernels/net/bin/net/system/synthesis/submodules/altera_merlin_arbitrator.sv
2017.06.27.13:56:39 Info: rsp_demux: "mm_interconnect_1" instantiated altera_merlin_demultiplexer "rsp_demux"
2017.06.27.13:56:39 Info: rsp_demux_002: "mm_interconnect_1" instantiated altera_merlin_demultiplexer "rsp_demux_002"
2017.06.27.13:56:39 Info: rsp_mux: "mm_interconnect_1" instantiated altera_merlin_multiplexer "rsp_mux"
2017.06.27.13:56:39 Info: Reusing file /home/zach/project/inc/caffe-fpga-opencl-v2/kernels/net/bin/net/system/synthesis/submodules/altera_merlin_arbitrator.sv
2017.06.27.13:56:39 Info: modular_sgdma_dispatcher_0: "dma" instantiated modular_sgdma_dispatcher "modular_sgdma_dispatcher_0"
2017.06.27.13:56:43 Info: dma_read_master: "dma" instantiated dma_read_master "dma_read_master"
2017.06.27.13:56:46 Info: dma_write_master: "dma" instantiated dma_write_master "dma_write_master"
2017.06.27.13:56:47 Info: mm_interconnect_0: "dma" instantiated altera_mm_interconnect "mm_interconnect_0"
2017.06.27.13:56:47 Info: mm_interconnect_1: "dma" instantiated altera_mm_interconnect "mm_interconnect_1"
2017.06.27.13:56:47 Info: router: "mm_interconnect_1" instantiated altera_merlin_router "router"
2017.06.27.13:56:47 Info: router_003: "mm_interconnect_1" instantiated altera_merlin_router "router_003"
2017.06.27.13:56:47 Info: cmd_demux: "mm_interconnect_1" instantiated altera_merlin_demultiplexer "cmd_demux"
2017.06.27.13:56:47 Info: cmd_mux: "mm_interconnect_1" instantiated altera_merlin_multiplexer "cmd_mux"
2017.06.27.13:56:47 Info: Reusing file /home/zach/project/inc/caffe-fpga-opencl-v2/kernels/net/bin/net/system/synthesis/submodules/altera_merlin_arbitrator.sv
2017.06.27.13:56:47 Info: rsp_demux: "mm_interconnect_1" instantiated altera_merlin_demultiplexer "rsp_demux"
2017.06.27.13:56:47 Info: rsp_mux: "mm_interconnect_1" instantiated altera_merlin_multiplexer "rsp_mux"
2017.06.27.13:56:47 Info: Reusing file /home/zach/project/inc/caffe-fpga-opencl-v2/kernels/net/bin/net/system/synthesis/submodules/altera_merlin_arbitrator.sv
2017.06.27.13:56:47 Info: router: "mm_interconnect_2" instantiated altera_merlin_router "router"
2017.06.27.13:56:47 Info: router_001: "mm_interconnect_2" instantiated altera_merlin_router "router_001"
2017.06.27.13:56:47 Info: router_002: "mm_interconnect_2" instantiated altera_merlin_router "router_002"
2017.06.27.13:56:47 Info: router_003: "mm_interconnect_2" instantiated altera_merlin_router "router_003"
2017.06.27.13:56:47 Info: cmd_demux: "mm_interconnect_2" instantiated altera_merlin_demultiplexer "cmd_demux"
2017.06.27.13:56:47 Info: cmd_mux: "mm_interconnect_2" instantiated altera_merlin_multiplexer "cmd_mux"
2017.06.27.13:56:47 Info: Reusing file /home/zach/project/inc/caffe-fpga-opencl-v2/kernels/net/bin/net/system/synthesis/submodules/altera_merlin_arbitrator.sv
2017.06.27.13:56:47 Info: rsp_demux: "mm_interconnect_2" instantiated altera_merlin_demultiplexer "rsp_demux"
2017.06.27.13:56:47 Info: rsp_mux: "mm_interconnect_2" instantiated altera_merlin_multiplexer "rsp_mux"
2017.06.27.13:56:47 Info: Reusing file /home/zach/project/inc/caffe-fpga-opencl-v2/kernels/net/bin/net/system/synthesis/submodules/altera_merlin_arbitrator.sv
2017.06.27.13:56:47 Info: avalon_st_adapter_001: "mm_interconnect_2" instantiated altera_avalon_st_adapter "avalon_st_adapter_001"
2017.06.27.13:56:47 Info: error_adapter_0: "avalon_st_adapter" instantiated error_adapter "error_adapter_0"
2017.06.27.13:56:47 Info: error_adapter_0: "avalon_st_adapter_003" instantiated error_adapter "error_adapter_0"
2017.06.27.13:56:47 Info: error_adapter_0: "avalon_st_adapter_007" instantiated error_adapter "error_adapter_0"
2017.06.27.13:56:47 Info: error_adapter_0: "avalon_st_adapter" instantiated error_adapter "error_adapter_0"
2017.06.27.13:56:47 Info: error_adapter_0: "avalon_st_adapter_001" instantiated error_adapter "error_adapter_0"
2017.06.27.13:56:47 Info: system: Done "system" with 170 modules, 545 files
